# JRE version: OpenJDK Runtime Environment (8.0_152-b01) (build 1.8.0_152-release-1343-b01)
# Java VM: OpenJDK 64-Bit Server VM (25.152-b01 mixed mode windows-amd64 compressed oops)
Heap:
 PSYoungGen      total 131072K, used 17745K [0x00000000e0000000, 0x00000000eb800000, 0x0000000100000000)
  eden space 123392K, 14% used [0x00000000e0000000,0x00000000e11544f8,0x00000000e7880000)
  from space 7680K, 0% used [0x00000000e8500000,0x00000000e8500000,0x00000000e8c80000)
  to   space 12800K, 0% used [0x00000000e7880000,0x00000000e7880000,0x00000000e8500000)
 ParOldGen       total 39424K, used 15830K [0x00000000a0000000, 0x00000000a2680000, 0x00000000e0000000)
  object space 39424K, 40% used [0x00000000a0000000,0x00000000a0f75828,0x00000000a2680000)
 Metaspace       used 38181K, capacity 38966K, committed 39336K, reserved 1083392K
  class space    used 5234K, capacity 5477K, committed 5544K, reserved 1048576K
GC Heap History (10 events):
Event: 4.434 GC heap before
{Heap before GC invocations=8 (full 1):
 PSYoungGen      total 71680K, used 7160K [0x00000000e0000000, 0x00000000e9100000, 0x0000000100000000)
  eden space 64512K, 0% used [0x00000000e0000000,0x00000000e0000000,0x00000000e3f00000)
  from space 7168K, 99% used [0x00000000e3f00000,0x00000000e45fe108,0x00000000e4600000)
  to   space 9728K, 0% used [0x00000000e8780000,0x00000000e8780000,0x00000000e9100000)
 ParOldGen       total 44032K, used 8361K [0x00000000a0000000, 0x00000000a2b00000, 0x00000000e0000000)
  object space 44032K, 18% used [0x00000000a0000000,0x00000000a082a410,0x00000000a2b00000)
 Metaspace       used 20685K, capacity 21102K, committed 21296K, reserved 1067008K
  class space    used 2901K, capacity 3087K, committed 3200K, reserved 1048576K
Event: 4.515 GC heap after
Heap after GC invocations=8 (full 1):
 PSYoungGen      total 71680K, used 0K [0x00000000e0000000, 0x00000000e9100000, 0x0000000100000000)
  eden space 64512K, 0% used [0x00000000e0000000,0x00000000e0000000,0x00000000e3f00000)
  from space 7168K, 0% used [0x00000000e3f00000,0x00000000e3f00000,0x00000000e4600000)
  to   space 9728K, 0% used [0x00000000e8780000,0x00000000e8780000,0x00000000e9100000)
 ParOldGen       total 39424K, used 10710K [0x00000000a0000000, 0x00000000a2680000, 0x00000000e0000000)
  object space 39424K, 27% used [0x00000000a0000000,0x00000000a0a75808,0x00000000a2680000)
 Metaspace       used 20685K, capacity 21102K, committed 21296K, reserved 1067008K
  class space    used 2901K, capacity 3087K, committed 3200K, reserved 1048576K
}
Event: 5.372 GC heap before
{Heap before GC invocations=9 (full 1):
 PSYoungGen      total 71680K, used 64512K [0x00000000e0000000, 0x00000000e9100000, 0x0000000100000000)
  eden space 64512K, 100% used [0x00000000e0000000,0x00000000e3f00000,0x00000000e3f00000)
  from space 7168K, 0% used [0x00000000e3f00000,0x00000000e3f00000,0x00000000e4600000)
  to   space 9728K, 0% used [0x00000000e8780000,0x00000000e8780000,0x00000000e9100000)
 ParOldGen       total 39424K, used 10710K [0x00000000a0000000, 0x00000000a2680000, 0x00000000e0000000)
  object space 39424K, 27% used [0x00000000a0000000,0x00000000a0a75808,0x00000000a2680000)
 Metaspace       used 28519K, capacity 29032K, committed 29184K, reserved 1075200K
  class space    used 3842K, capacity 4035K, committed 4096K, reserved 1048576K
Event: 5.383 GC heap after
Heap after GC invocations=9 (full 1):
 PSYoungGen      total 102400K, used 7592K [0x00000000e0000000, 0x00000000e8f00000, 0x0000000100000000)
  eden space 94720K, 0% used [0x00000000e0000000,0x00000000e0000000,0x00000000e5c80000)
  from space 7680K, 98% used [0x00000000e8780000,0x00000000e8eea120,0x00000000e8f00000)
  to   space 10240K, 0% used [0x00000000e7b00000,0x00000000e7b00000,0x00000000e8500000)
 ParOldGen       total 39424K, used 10718K [0x00000000a0000000, 0x00000000a2680000, 0x00000000e0000000)
  object space 39424K, 27% used [0x00000000a0000000,0x00000000a0a77808,0x00000000a2680000)
 Metaspace       used 28519K, capacity 29032K, committed 29184K, reserved 1075200K
  class space    used 3842K, capacity 4035K, committed 4096K, reserved 1048576K
}
Event: 6.868 GC heap before
{Heap before GC invocations=10 (full 1):
 PSYoungGen      total 102400K, used 102312K [0x00000000e0000000, 0x00000000e8f00000, 0x0000000100000000)
  eden space 94720K, 100% used [0x00000000e0000000,0x00000000e5c80000,0x00000000e5c80000)
  from space 7680K, 98% used [0x00000000e8780000,0x00000000e8eea120,0x00000000e8f00000)
  to   space 10240K, 0% used [0x00000000e7b00000,0x00000000e7b00000,0x00000000e8500000)
 ParOldGen       total 39424K, used 10718K [0x00000000a0000000, 0x00000000a2680000, 0x00000000e0000000)
  object space 39424K, 27% used [0x00000000a0000000,0x00000000a0a77808,0x00000000a2680000)
 Metaspace       used 33328K, capacity 33894K, committed 34048K, reserved 1079296K
  class space    used 4589K, capacity 4807K, committed 4864K, reserved 1048576K
Event: 6.886 GC heap after
Heap after GC invocations=10 (full 1):
 PSYoungGen      total 130560K, used 10237K [0x00000000e0000000, 0x00000000e8c80000, 0x0000000100000000)
  eden space 120320K, 0% used [0x00000000e0000000,0x00000000e0000000,0x00000000e7580000)
  from space 10240K, 99% used [0x00000000e7b00000,0x00000000e84ff740,0x00000000e8500000)
  to   space 7680K, 0% used [0x00000000e8500000,0x00000000e8500000,0x00000000e8c80000)
 ParOldGen       total 39424K, used 11512K [0x00000000a0000000, 0x00000000a2680000, 0x00000000e0000000)
  object space 39424K, 29% used [0x00000000a0000000,0x00000000a0b3e050,0x00000000a2680000)
 Metaspace       used 33328K, capacity 33894K, committed 34048K, reserved 1079296K
  class space    used 4589K, capacity 4807K, committed 4864K, reserved 1048576K
}
Event: 7.203 GC heap before
{Heap before GC invocations=11 (full 1):
 PSYoungGen      total 130560K, used 31675K [0x00000000e0000000, 0x00000000e8c80000, 0x0000000100000000)
  eden space 120320K, 17% used [0x00000000e0000000,0x00000000e14ef508,0x00000000e7580000)
  from space 10240K, 99% used [0x00000000e7b00000,0x00000000e84ff740,0x00000000e8500000)
  to   space 7680K, 0% used [0x00000000e8500000,0x00000000e8500000,0x00000000e8c80000)
 ParOldGen       total 39424K, used 11512K [0x00000000a0000000, 0x00000000a2680000, 0x00000000e0000000)
  object space 39424K, 29% used [0x00000000a0000000,0x00000000a0b3e050,0x00000000a2680000)
 Metaspace       used 34792K, capacity 35448K, committed 35496K, reserved 1079296K
  class space    used 4800K, capacity 5025K, committed 5032K, reserved 1048576K
Event: 7.222 GC heap after
Heap after GC invocations=11 (full 1):
 PSYoungGen      total 131072K, used 7680K [0x00000000e0000000, 0x00000000eb800000, 0x0000000100000000)
  eden space 123392K, 0% used [0x00000000e0000000,0x00000000e0000000,0x00000000e7880000)
  from space 7680K, 100% used [0x00000000e8500000,0x00000000e8c80000,0x00000000e8c80000)
  to   space 12800K, 0% used [0x00000000e7880000,0x00000000e7880000,0x00000000e8500000)
 ParOldGen       total 39424K, used 12778K [0x00000000a0000000, 0x00000000a2680000, 0x00000000e0000000)
  object space 39424K, 32% used [0x00000000a0000000,0x00000000a0c7ab80,0x00000000a2680000)
 Metaspace       used 34792K, capacity 35448K, committed 35496K, reserved 1079296K
  class space    used 4800K, capacity 5025K, committed 5032K, reserved 1048576K
}
Event: 7.222 GC heap before
{Heap before GC invocations=12 (full 2):
 PSYoungGen      total 131072K, used 7680K [0x00000000e0000000, 0x00000000eb800000, 0x0000000100000000)
  eden space 123392K, 0% used [0x00000000e0000000,0x00000000e0000000,0x00000000e7880000)
  from space 7680K, 100% used [0x00000000e8500000,0x00000000e8c80000,0x00000000e8c80000)
  to   space 12800K, 0% used [0x00000000e7880000,0x00000000e7880000,0x00000000e8500000)
 ParOldGen       total 39424K, used 12778K [0x00000000a0000000, 0x00000000a2680000, 0x00000000e0000000)
  object space 39424K, 32% used [0x00000000a0000000,0x00000000a0c7ab80,0x00000000a2680000)
 Metaspace       used 34792K, capacity 35448K, committed 35496K, reserved 1079296K
  class space    used 4800K, capacity 5025K, committed 5032K, reserved 1048576K
Event: 7.373 GC heap after
Heap after GC invocations=12 (full 2):
 PSYoungGen      total 131072K, used 0K [0x00000000e0000000, 0x00000000eb800000, 0x0000000100000000)
  eden space 123392K, 0% used [0x00000000e0000000,0x00000000e0000000,0x00000000e7880000)
  from space 7680K, 0% used [0x00000000e8500000,0x00000000e8500000,0x00000000e8c80000)
  to   space 12800K, 0% used [0x00000000e7880000,0x00000000e7880000,0x00000000e8500000)
 ParOldGen       total 39424K, used 15830K [0x00000000a0000000, 0x00000000a2680000, 0x00000000e0000000)
  object space 39424K, 40% used [0x00000000a0000000,0x00000000a0f75828,0x00000000a2680000)
 Metaspace       used 34789K, capacity 35436K, committed 35496K, reserved 1079296K
  class space    used 4799K, capacity 5023K, committed 5032K, reserved 1048576K
}

