# JRE version: OpenJDK Runtime Environment (8.0_152-b01) (build 1.8.0_152-release-1343-b01)
# Java VM: OpenJDK 64-Bit Server VM (25.152-b01 mixed mode windows-amd64 compressed oops)
Heap:
 PSYoungGen      total 181248K, used 77189K [0x00000000e0000000, 0x00000000ee780000, 0x0000000100000000)
  eden space 161792K, 35% used [0x00000000e0000000,0x00000000e3868210,0x00000000e9e00000)
  from space 19456K, 99% used [0x00000000e9e00000,0x00000000eb0f9300,0x00000000eb100000)
  to   space 23552K, 0% used [0x00000000ed080000,0x00000000ed080000,0x00000000ee780000)
 ParOldGen       total 99328K, used 29255K [0x00000000a0000000, 0x00000000a6100000, 0x00000000e0000000)
  object space 99328K, 29% used [0x00000000a0000000,0x00000000a1c91d90,0x00000000a6100000)
 Metaspace       used 70355K, capacity 72678K, committed 72920K, reserved 1112064K
  class space    used 9321K, capacity 9875K, committed 9984K, reserved 1048576K
GC Heap History (10 events):
Event: 18.432 GC heap before
{Heap before GC invocations=14 (full 2):
 PSYoungGen      total 129536K, used 129524K [0x00000000e0000000, 0x00000000ea680000, 0x0000000100000000)
  eden space 117248K, 100% used [0x00000000e0000000,0x00000000e7280000,0x00000000e7280000)
  from space 12288K, 99% used [0x00000000e7280000,0x00000000e7e7d208,0x00000000e7e80000)
  to   space 14848K, 0% used [0x00000000e9800000,0x00000000e9800000,0x00000000ea680000)
 ParOldGen       total 66048K, used 18750K [0x00000000a0000000, 0x00000000a4080000, 0x00000000e0000000)
  object space 66048K, 28% used [0x00000000a0000000,0x00000000a124fb00,0x00000000a4080000)
 Metaspace       used 57037K, capacity 58490K, committed 58712K, reserved 1099776K
  class space    used 7715K, capacity 8040K, committed 8064K, reserved 1048576K
Event: 18.454 GC heap after
Heap after GC invocations=14 (full 2):
 PSYoungGen      total 151552K, used 14825K [0x00000000e0000000, 0x00000000eac80000, 0x0000000100000000)
  eden space 136704K, 0% used [0x00000000e0000000,0x00000000e0000000,0x00000000e8580000)
  from space 14848K, 99% used [0x00000000e9800000,0x00000000ea67a410,0x00000000ea680000)
  to   space 18944K, 0% used [0x00000000e8580000,0x00000000e8580000,0x00000000e9800000)
 ParOldGen       total 66048K, used 23768K [0x00000000a0000000, 0x00000000a4080000, 0x00000000e0000000)
  object space 66048K, 35% used [0x00000000a0000000,0x00000000a1736380,0x00000000a4080000)
 Metaspace       used 57037K, capacity 58490K, committed 58712K, reserved 1099776K
  class space    used 7715K, capacity 8040K, committed 8064K, reserved 1048576K
}
Event: 18.999 GC heap before
{Heap before GC invocations=15 (full 2):
 PSYoungGen      total 151552K, used 27892K [0x00000000e0000000, 0x00000000eac80000, 0x0000000100000000)
  eden space 136704K, 9% used [0x00000000e0000000,0x00000000e0cc2c38,0x00000000e8580000)
  from space 14848K, 99% used [0x00000000e9800000,0x00000000ea67a410,0x00000000ea680000)
  to   space 18944K, 0% used [0x00000000e8580000,0x00000000e8580000,0x00000000e9800000)
 ParOldGen       total 66048K, used 23768K [0x00000000a0000000, 0x00000000a4080000, 0x00000000e0000000)
  object space 66048K, 35% used [0x00000000a0000000,0x00000000a1736380,0x00000000a4080000)
 Metaspace       used 57595K, capacity 58926K, committed 59028K, reserved 1099776K
  class space    used 7786K, capacity 8112K, committed 8192K, reserved 1048576K
Event: 19.017 GC heap after
Heap after GC invocations=15 (full 2):
 PSYoungGen      total 155648K, used 1416K [0x00000000e0000000, 0x00000000eca00000, 0x0000000100000000)
  eden space 136704K, 0% used [0x00000000e0000000,0x00000000e0000000,0x00000000e8580000)
  from space 18944K, 7% used [0x00000000e8580000,0x00000000e86e2010,0x00000000e9800000)
  to   space 18944K, 0% used [0x00000000eb780000,0x00000000eb780000,0x00000000eca00000)
 ParOldGen       total 66048K, used 35791K [0x00000000a0000000, 0x00000000a4080000, 0x00000000e0000000)
  object space 66048K, 54% used [0x00000000a0000000,0x00000000a22f3ff0,0x00000000a4080000)
 Metaspace       used 57595K, capacity 58926K, committed 59028K, reserved 1099776K
  class space    used 7786K, capacity 8112K, committed 8192K, reserved 1048576K
}
Event: 19.017 GC heap before
{Heap before GC invocations=16 (full 3):
 PSYoungGen      total 155648K, used 1416K [0x00000000e0000000, 0x00000000eca00000, 0x0000000100000000)
  eden space 136704K, 0% used [0x00000000e0000000,0x00000000e0000000,0x00000000e8580000)
  from space 18944K, 7% used [0x00000000e8580000,0x00000000e86e2010,0x00000000e9800000)
  to   space 18944K, 0% used [0x00000000eb780000,0x00000000eb780000,0x00000000eca00000)
 ParOldGen       total 66048K, used 35791K [0x00000000a0000000, 0x00000000a4080000, 0x00000000e0000000)
  object space 66048K, 54% used [0x00000000a0000000,0x00000000a22f3ff0,0x00000000a4080000)
 Metaspace       used 57595K, capacity 58926K, committed 59028K, reserved 1099776K
  class space    used 7786K, capacity 8112K, committed 8192K, reserved 1048576K
Event: 19.285 GC heap after
Heap after GC invocations=16 (full 3):
 PSYoungGen      total 155648K, used 0K [0x00000000e0000000, 0x00000000eca00000, 0x0000000100000000)
  eden space 136704K, 0% used [0x00000000e0000000,0x00000000e0000000,0x00000000e8580000)
  from space 18944K, 0% used [0x00000000e8580000,0x00000000e8580000,0x00000000e9800000)
  to   space 18944K, 0% used [0x00000000eb780000,0x00000000eb780000,0x00000000eca00000)
 ParOldGen       total 99328K, used 27496K [0x00000000a0000000, 0x00000000a6100000, 0x00000000e0000000)
  object space 99328K, 27% used [0x00000000a0000000,0x00000000a1ada270,0x00000000a6100000)
 Metaspace       used 57595K, capacity 58926K, committed 59028K, reserved 1099776K
  class space    used 7786K, capacity 8112K, committed 8192K, reserved 1048576K
}
Event: 671.676 GC heap before
{Heap before GC invocations=17 (full 3):
 PSYoungGen      total 155648K, used 136704K [0x00000000e0000000, 0x00000000eca00000, 0x0000000100000000)
  eden space 136704K, 100% used [0x00000000e0000000,0x00000000e8580000,0x00000000e8580000)
  from space 18944K, 0% used [0x00000000e8580000,0x00000000e8580000,0x00000000e9800000)
  to   space 18944K, 0% used [0x00000000eb780000,0x00000000eb780000,0x00000000eca00000)
 ParOldGen       total 99328K, used 27496K [0x00000000a0000000, 0x00000000a6100000, 0x00000000e0000000)
  object space 99328K, 27% used [0x00000000a0000000,0x00000000a1ada270,0x00000000a6100000)
 Metaspace       used 65309K, capacity 67186K, committed 67416K, reserved 1107968K
  class space    used 8581K, capacity 9050K, committed 9088K, reserved 1048576K
Event: 671.752 GC heap after
Heap after GC invocations=17 (full 3):
 PSYoungGen      total 174592K, used 12233K [0x00000000e0000000, 0x00000000ec400000, 0x0000000100000000)
  eden space 161792K, 0% used [0x00000000e0000000,0x00000000e0000000,0x00000000e9e00000)
  from space 12800K, 95% used [0x00000000eb780000,0x00000000ec372660,0x00000000ec400000)
  to   space 19456K, 0% used [0x00000000e9e00000,0x00000000e9e00000,0x00000000eb100000)
 ParOldGen       total 99328K, used 27504K [0x00000000a0000000, 0x00000000a6100000, 0x00000000e0000000)
  object space 99328K, 27% used [0x00000000a0000000,0x00000000a1adc270,0x00000000a6100000)
 Metaspace       used 65309K, capacity 67186K, committed 67416K, reserved 1107968K
  class space    used 8581K, capacity 9050K, committed 9088K, reserved 1048576K
}
Event: 677.137 GC heap before
{Heap before GC invocations=18 (full 3):
 PSYoungGen      total 174592K, used 174025K [0x00000000e0000000, 0x00000000ec400000, 0x0000000100000000)
  eden space 161792K, 100% used [0x00000000e0000000,0x00000000e9e00000,0x00000000e9e00000)
  from space 12800K, 95% used [0x00000000eb780000,0x00000000ec372660,0x00000000ec400000)
  to   space 19456K, 0% used [0x00000000e9e00000,0x00000000e9e00000,0x00000000eb100000)
 ParOldGen       total 99328K, used 27504K [0x00000000a0000000, 0x00000000a6100000, 0x00000000e0000000)
  object space 99328K, 27% used [0x00000000a0000000,0x00000000a1adc270,0x00000000a6100000)
 Metaspace       used 70049K, capacity 72266K, committed 72536K, reserved 1112064K
  class space    used 9252K, capacity 9775K, committed 9856K, reserved 1048576K
Event: 677.188 GC heap after
Heap after GC invocations=18 (full 3):
 PSYoungGen      total 181248K, used 19428K [0x00000000e0000000, 0x00000000ee780000, 0x0000000100000000)
  eden space 161792K, 0% used [0x00000000e0000000,0x00000000e0000000,0x00000000e9e00000)
  from space 19456K, 99% used [0x00000000e9e00000,0x00000000eb0f9300,0x00000000eb100000)
  to   space 23552K, 0% used [0x00000000ed080000,0x00000000ed080000,0x00000000ee780000)
 ParOldGen       total 99328K, used 29255K [0x00000000a0000000, 0x00000000a6100000, 0x00000000e0000000)
  object space 99328K, 29% used [0x00000000a0000000,0x00000000a1c91d90,0x00000000a6100000)
 Metaspace       used 70049K, capacity 72266K, committed 72536K, reserved 1112064K
  class space    used 9252K, capacity 9775K, committed 9856K, reserved 1048576K
}

