# JRE version: OpenJDK Runtime Environment (8.0_152-b01) (build 1.8.0_152-release-1343-b01)
# Java VM: OpenJDK 64-Bit Server VM (25.152-b01 mixed mode windows-amd64 compressed oops)
Heap:
 PSYoungGen      total 68608K, used 20126K [0x00000000e0000000, 0x00000000e4a00000, 0x0000000100000000)
  eden space 61440K, 32% used [0x00000000e0000000,0x00000000e13a7800,0x00000000e3c00000)
  from space 7168K, 0% used [0x00000000e3c00000,0x00000000e3c00000,0x00000000e4300000)
  to   space 6144K, 0% used [0x00000000e4400000,0x00000000e4400000,0x00000000e4a00000)
 ParOldGen       total 32768K, used 13571K [0x00000000a0000000, 0x00000000a2000000, 0x00000000e0000000)
  object space 32768K, 41% used [0x00000000a0000000,0x00000000a0d40e30,0x00000000a2000000)
 Metaspace       used 39421K, capacity 40046K, committed 40448K, reserved 1087488K
  class space    used 5372K, capacity 5581K, committed 5632K, reserved 1048576K
GC Heap History (10 events):
Event: 24.160 GC heap before
{Heap before GC invocations=15 (full 2):
 PSYoungGen      total 68608K, used 3660K [0x00000000e0000000, 0x00000000e4a00000, 0x0000000100000000)
  eden space 61440K, 0% used [0x00000000e0000000,0x00000000e0000000,0x00000000e3c00000)
  from space 7168K, 51% used [0x00000000e3c00000,0x00000000e3f93010,0x00000000e4300000)
  to   space 6144K, 0% used [0x00000000e4400000,0x00000000e4400000,0x00000000e4a00000)
 ParOldGen       total 32768K, used 13765K [0x00000000a0000000, 0x00000000a2000000, 0x00000000e0000000)
  object space 32768K, 42% used [0x00000000a0000000,0x00000000a0d717b0,0x00000000a2000000)
 Metaspace       used 34753K, capacity 35400K, committed 35456K, reserved 1079296K
  class space    used 4797K, capacity 4987K, committed 4992K, reserved 1048576K
Event: 24.360 GC heap after
Heap after GC invocations=15 (full 2):
 PSYoungGen      total 68608K, used 0K [0x00000000e0000000, 0x00000000e4a00000, 0x0000000100000000)
  eden space 61440K, 0% used [0x00000000e0000000,0x00000000e0000000,0x00000000e3c00000)
  from space 7168K, 0% used [0x00000000e3c00000,0x00000000e3c00000,0x00000000e4300000)
  to   space 6144K, 0% used [0x00000000e4400000,0x00000000e4400000,0x00000000e4a00000)
 ParOldGen       total 32768K, used 15918K [0x00000000a0000000, 0x00000000a2000000, 0x00000000e0000000)
  object space 32768K, 48% used [0x00000000a0000000,0x00000000a0f8bb38,0x00000000a2000000)
 Metaspace       used 34748K, capacity 35382K, committed 35456K, reserved 1079296K
  class space    used 4795K, capacity 4984K, committed 4992K, reserved 1048576K
}
Event: 27.073 GC heap before
{Heap before GC invocations=16 (full 2):
 PSYoungGen      total 68608K, used 12266K [0x00000000e0000000, 0x00000000e4a00000, 0x0000000100000000)
  eden space 61440K, 19% used [0x00000000e0000000,0x00000000e0bfaa40,0x00000000e3c00000)
  from space 7168K, 0% used [0x00000000e3c00000,0x00000000e3c00000,0x00000000e4300000)
  to   space 6144K, 0% used [0x00000000e4400000,0x00000000e4400000,0x00000000e4a00000)
 ParOldGen       total 32768K, used 15918K [0x00000000a0000000, 0x00000000a2000000, 0x00000000e0000000)
  object space 32768K, 48% used [0x00000000a0000000,0x00000000a0f8bb38,0x00000000a2000000)
 Metaspace       used 37110K, capacity 37824K, committed 37888K, reserved 1087488K
  class space    used 5134K, capacity 5372K, committed 5376K, reserved 1048576K
Event: 27.083 GC heap after
Heap after GC invocations=16 (full 2):
 PSYoungGen      total 67584K, used 1893K [0x00000000e0000000, 0x00000000e4a00000, 0x0000000100000000)
  eden space 61440K, 0% used [0x00000000e0000000,0x00000000e0000000,0x00000000e3c00000)
  from space 6144K, 30% used [0x00000000e4400000,0x00000000e45d95b8,0x00000000e4a00000)
  to   space 7168K, 0% used [0x00000000e3c00000,0x00000000e3c00000,0x00000000e4300000)
 ParOldGen       total 32768K, used 15926K [0x00000000a0000000, 0x00000000a2000000, 0x00000000e0000000)
  object space 32768K, 48% used [0x00000000a0000000,0x00000000a0f8db38,0x00000000a2000000)
 Metaspace       used 37110K, capacity 37824K, committed 37888K, reserved 1087488K
  class space    used 5134K, capacity 5372K, committed 5376K, reserved 1048576K
}
Event: 27.083 GC heap before
{Heap before GC invocations=17 (full 3):
 PSYoungGen      total 67584K, used 1893K [0x00000000e0000000, 0x00000000e4a00000, 0x0000000100000000)
  eden space 61440K, 0% used [0x00000000e0000000,0x00000000e0000000,0x00000000e3c00000)
  from space 6144K, 30% used [0x00000000e4400000,0x00000000e45d95b8,0x00000000e4a00000)
  to   space 7168K, 0% used [0x00000000e3c00000,0x00000000e3c00000,0x00000000e4300000)
 ParOldGen       total 32768K, used 15926K [0x00000000a0000000, 0x00000000a2000000, 0x00000000e0000000)
  object space 32768K, 48% used [0x00000000a0000000,0x00000000a0f8db38,0x00000000a2000000)
 Metaspace       used 37110K, capacity 37824K, committed 37888K, reserved 1087488K
  class space    used 5134K, capacity 5372K, committed 5376K, reserved 1048576K
Event: 27.417 GC heap after
Heap after GC invocations=17 (full 3):
 PSYoungGen      total 67584K, used 0K [0x00000000e0000000, 0x00000000e4a00000, 0x0000000100000000)
  eden space 61440K, 0% used [0x00000000e0000000,0x00000000e0000000,0x00000000e3c00000)
  from space 6144K, 0% used [0x00000000e4400000,0x00000000e4400000,0x00000000e4a00000)
  to   space 7168K, 0% used [0x00000000e3c00000,0x00000000e3c00000,0x00000000e4300000)
 ParOldGen       total 32768K, used 16241K [0x00000000a0000000, 0x00000000a2000000, 0x00000000e0000000)
  object space 32768K, 49% used [0x00000000a0000000,0x00000000a0fdc5e0,0x00000000a2000000)
 Metaspace       used 37110K, capacity 37824K, committed 37888K, reserved 1085440K
  class space    used 5134K, capacity 5372K, committed 5376K, reserved 1048576K
}
Event: 27.417 GC heap before
{Heap before GC invocations=18 (full 3):
 PSYoungGen      total 67584K, used 0K [0x00000000e0000000, 0x00000000e4a00000, 0x0000000100000000)
  eden space 61440K, 0% used [0x00000000e0000000,0x00000000e0000000,0x00000000e3c00000)
  from space 6144K, 0% used [0x00000000e4400000,0x00000000e4400000,0x00000000e4a00000)
  to   space 7168K, 0% used [0x00000000e3c00000,0x00000000e3c00000,0x00000000e4300000)
 ParOldGen       total 32768K, used 16241K [0x00000000a0000000, 0x00000000a2000000, 0x00000000e0000000)
  object space 32768K, 49% used [0x00000000a0000000,0x00000000a0fdc5e0,0x00000000a2000000)
 Metaspace       used 37110K, capacity 37824K, committed 37888K, reserved 1089536K
  class space    used 5134K, capacity 5372K, committed 5376K, reserved 1048576K
Event: 27.419 GC heap after
Heap after GC invocations=18 (full 3):
 PSYoungGen      total 68608K, used 0K [0x00000000e0000000, 0x00000000e4a00000, 0x0000000100000000)
  eden space 61440K, 0% used [0x00000000e0000000,0x00000000e0000000,0x00000000e3c00000)
  from space 7168K, 0% used [0x00000000e3c00000,0x00000000e3c00000,0x00000000e4300000)
  to   space 6144K, 0% used [0x00000000e4400000,0x00000000e4400000,0x00000000e4a00000)
 ParOldGen       total 32768K, used 16241K [0x00000000a0000000, 0x00000000a2000000, 0x00000000e0000000)
  object space 32768K, 49% used [0x00000000a0000000,0x00000000a0fdc5e0,0x00000000a2000000)
 Metaspace       used 37110K, capacity 37824K, committed 37888K, reserved 1089536K
  class space    used 5134K, capacity 5372K, committed 5376K, reserved 1048576K
}
Event: 27.419 GC heap before
{Heap before GC invocations=19 (full 4):
 PSYoungGen      total 68608K, used 0K [0x00000000e0000000, 0x00000000e4a00000, 0x0000000100000000)
  eden space 61440K, 0% used [0x00000000e0000000,0x00000000e0000000,0x00000000e3c00000)
  from space 7168K, 0% used [0x00000000e3c00000,0x00000000e3c00000,0x00000000e4300000)
  to   space 6144K, 0% used [0x00000000e4400000,0x00000000e4400000,0x00000000e4a00000)
 ParOldGen       total 32768K, used 16241K [0x00000000a0000000, 0x00000000a2000000, 0x00000000e0000000)
  object space 32768K, 49% used [0x00000000a0000000,0x00000000a0fdc5e0,0x00000000a2000000)
 Metaspace       used 37110K, capacity 37824K, committed 37888K, reserved 1089536K
  class space    used 5134K, capacity 5372K, committed 5376K, reserved 1048576K
Event: 27.567 GC heap after
Heap after GC invocations=19 (full 4):
 PSYoungGen      total 68608K, used 0K [0x00000000e0000000, 0x00000000e4a00000, 0x0000000100000000)
  eden space 61440K, 0% used [0x00000000e0000000,0x00000000e0000000,0x00000000e3c00000)
  from space 7168K, 0% used [0x00000000e3c00000,0x00000000e3c00000,0x00000000e4300000)
  to   space 6144K, 0% used [0x00000000e4400000,0x00000000e4400000,0x00000000e4a00000)
 ParOldGen       total 32768K, used 13571K [0x00000000a0000000, 0x00000000a2000000, 0x00000000e0000000)
  object space 32768K, 41% used [0x00000000a0000000,0x00000000a0d40e30,0x00000000a2000000)
 Metaspace       used 36879K, capacity 37440K, committed 37888K, reserved 1085440K
  class space    used 5091K, capacity 5292K, committed 5376K, reserved 1048576K
}

