# JRE version: OpenJDK Runtime Environment (8.0_152-b01) (build 1.8.0_152-release-1343-b01)
# Java VM: OpenJDK 64-Bit Server VM (25.152-b01 mixed mode windows-amd64 compressed oops)
Heap:
 PSYoungGen      total 167424K, used 38382K [0x00000000e0000000, 0x00000000ef000000, 0x0000000100000000)
  eden space 147456K, 26% used [0x00000000e0000000,0x00000000e257b800,0x00000000e9000000)
  from space 19968K, 0% used [0x00000000e9000000,0x00000000e9000000,0x00000000ea380000)
  to   space 20480K, 0% used [0x00000000edc00000,0x00000000edc00000,0x00000000ef000000)
 ParOldGen       total 90112K, used 28247K [0x00000000a0000000, 0x00000000a5800000, 0x00000000e0000000)
  object space 90112K, 31% used [0x00000000a0000000,0x00000000a1b95eb0,0x00000000a5800000)
 Metaspace       used 59598K, capacity 61304K, committed 61540K, reserved 1103872K
  class space    used 8099K, capacity 8518K, committed 8564K, reserved 1048576K
GC Heap History (10 events):
Event: 14.227 GC heap before
{Heap before GC invocations=12 (full 2):
 PSYoungGen      total 126464K, used 3072K [0x00000000e0000000, 0x00000000e9b00000, 0x0000000100000000)
  eden space 123392K, 0% used [0x00000000e0000000,0x00000000e0000000,0x00000000e7880000)
  from space 3072K, 100% used [0x00000000e8500000,0x00000000e8800000,0x00000000e8800000)
  to   space 12800K, 0% used [0x00000000e7880000,0x00000000e7880000,0x00000000e8500000)
 ParOldGen       total 40960K, used 18772K [0x00000000a0000000, 0x00000000a2800000, 0x00000000e0000000)
  object space 40960K, 45% used [0x00000000a0000000,0x00000000a12551c0,0x00000000a2800000)
 Metaspace       used 34556K, capacity 35386K, committed 35496K, reserved 1079296K
  class space    used 4759K, capacity 5005K, committed 5032K, reserved 1048576K
Event: 14.358 GC heap after
Heap after GC invocations=12 (full 2):
 PSYoungGen      total 126464K, used 0K [0x00000000e0000000, 0x00000000e9b00000, 0x0000000100000000)
  eden space 123392K, 0% used [0x00000000e0000000,0x00000000e0000000,0x00000000e7880000)
  from space 3072K, 0% used [0x00000000e8500000,0x00000000e8500000,0x00000000e8800000)
  to   space 12800K, 0% used [0x00000000e7880000,0x00000000e7880000,0x00000000e8500000)
 ParOldGen       total 64512K, used 16994K [0x00000000a0000000, 0x00000000a3f00000, 0x00000000e0000000)
  object space 64512K, 26% used [0x00000000a0000000,0x00000000a1098910,0x00000000a3f00000)
 Metaspace       used 34550K, capacity 35368K, committed 35496K, reserved 1079296K
  class space    used 4757K, capacity 5002K, committed 5032K, reserved 1048576K
}
Event: 20.972 GC heap before
{Heap before GC invocations=13 (full 2):
 PSYoungGen      total 126464K, used 123392K [0x00000000e0000000, 0x00000000e9b00000, 0x0000000100000000)
  eden space 123392K, 100% used [0x00000000e0000000,0x00000000e7880000,0x00000000e7880000)
  from space 3072K, 0% used [0x00000000e8500000,0x00000000e8500000,0x00000000e8800000)
  to   space 12800K, 0% used [0x00000000e7880000,0x00000000e7880000,0x00000000e8500000)
 ParOldGen       total 64512K, used 16994K [0x00000000a0000000, 0x00000000a3f00000, 0x00000000e0000000)
  object space 64512K, 26% used [0x00000000a0000000,0x00000000a1098910,0x00000000a3f00000)
 Metaspace       used 45847K, capacity 46816K, committed 47016K, reserved 1089536K
  class space    used 6189K, capacity 6469K, committed 6568K, reserved 1048576K
Event: 20.991 GC heap after
Heap after GC invocations=13 (full 2):
 PSYoungGen      total 136192K, used 12799K [0x00000000e0000000, 0x00000000eb300000, 0x0000000100000000)
  eden space 123392K, 0% used [0x00000000e0000000,0x00000000e0000000,0x00000000e7880000)
  from space 12800K, 99% used [0x00000000e7880000,0x00000000e84ffea8,0x00000000e8500000)
  to   space 15872K, 0% used [0x00000000ea380000,0x00000000ea380000,0x00000000eb300000)
 ParOldGen       total 64512K, used 20626K [0x00000000a0000000, 0x00000000a3f00000, 0x00000000e0000000)
  object space 64512K, 31% used [0x00000000a0000000,0x00000000a1424960,0x00000000a3f00000)
 Metaspace       used 45847K, capacity 46816K, committed 47016K, reserved 1089536K
  class space    used 6189K, capacity 6469K, committed 6568K, reserved 1048576K
}
Event: 27.003 GC heap before
{Heap before GC invocations=14 (full 2):
 PSYoungGen      total 136192K, used 129978K [0x00000000e0000000, 0x00000000eb300000, 0x0000000100000000)
  eden space 123392K, 94% used [0x00000000e0000000,0x00000000e726ea50,0x00000000e7880000)
  from space 12800K, 99% used [0x00000000e7880000,0x00000000e84ffea8,0x00000000e8500000)
  to   space 15872K, 0% used [0x00000000ea380000,0x00000000ea380000,0x00000000eb300000)
 ParOldGen       total 64512K, used 20626K [0x00000000a0000000, 0x00000000a3f00000, 0x00000000e0000000)
  object space 64512K, 31% used [0x00000000a0000000,0x00000000a1424960,0x00000000a3f00000)
 Metaspace       used 57529K, capacity 59186K, committed 59416K, reserved 1099776K
  class space    used 7773K, capacity 8208K, committed 8232K, reserved 1048576K
Event: 27.036 GC heap after
Heap after GC invocations=14 (full 2):
 PSYoungGen      total 163328K, used 15842K [0x00000000e0000000, 0x00000000eb880000, 0x0000000100000000)
  eden space 147456K, 0% used [0x00000000e0000000,0x00000000e0000000,0x00000000e9000000)
  from space 15872K, 99% used [0x00000000ea380000,0x00000000eb2f8af0,0x00000000eb300000)
  to   space 19968K, 0% used [0x00000000e9000000,0x00000000e9000000,0x00000000ea380000)
 ParOldGen       total 64512K, used 25548K [0x00000000a0000000, 0x00000000a3f00000, 0x00000000e0000000)
  object space 64512K, 39% used [0x00000000a0000000,0x00000000a18f3130,0x00000000a3f00000)
 Metaspace       used 57529K, capacity 59186K, committed 59416K, reserved 1099776K
  class space    used 7773K, capacity 8208K, committed 8232K, reserved 1048576K
}
Event: 27.239 GC heap before
{Heap before GC invocations=15 (full 2):
 PSYoungGen      total 163328K, used 24318K [0x00000000e0000000, 0x00000000eb880000, 0x0000000100000000)
  eden space 147456K, 5% used [0x00000000e0000000,0x00000000e0846f58,0x00000000e9000000)
  from space 15872K, 99% used [0x00000000ea380000,0x00000000eb2f8af0,0x00000000eb300000)
  to   space 19968K, 0% used [0x00000000e9000000,0x00000000e9000000,0x00000000ea380000)
 ParOldGen       total 64512K, used 25548K [0x00000000a0000000, 0x00000000a3f00000, 0x00000000e0000000)
  object space 64512K, 39% used [0x00000000a0000000,0x00000000a18f3130,0x00000000a3f00000)
 Metaspace       used 57774K, capacity 59410K, committed 59492K, reserved 1099776K
  class space    used 7814K, capacity 8240K, committed 8308K, reserved 1048576K
Event: 27.268 GC heap after
Heap after GC invocations=15 (full 2):
 PSYoungGen      total 167424K, used 464K [0x00000000e0000000, 0x00000000ef000000, 0x0000000100000000)
  eden space 147456K, 0% used [0x00000000e0000000,0x00000000e0000000,0x00000000e9000000)
  from space 19968K, 2% used [0x00000000e9000000,0x00000000e9074060,0x00000000ea380000)
  to   space 20480K, 0% used [0x00000000edc00000,0x00000000edc00000,0x00000000ef000000)
 ParOldGen       total 64512K, used 38166K [0x00000000a0000000, 0x00000000a3f00000, 0x00000000e0000000)
  object space 64512K, 59% used [0x00000000a0000000,0x00000000a2545b90,0x00000000a3f00000)
 Metaspace       used 57774K, capacity 59410K, committed 59492K, reserved 1099776K
  class space    used 7814K, capacity 8240K, committed 8308K, reserved 1048576K
}
Event: 27.269 GC heap before
{Heap before GC invocations=16 (full 3):
 PSYoungGen      total 167424K, used 464K [0x00000000e0000000, 0x00000000ef000000, 0x0000000100000000)
  eden space 147456K, 0% used [0x00000000e0000000,0x00000000e0000000,0x00000000e9000000)
  from space 19968K, 2% used [0x00000000e9000000,0x00000000e9074060,0x00000000ea380000)
  to   space 20480K, 0% used [0x00000000edc00000,0x00000000edc00000,0x00000000ef000000)
 ParOldGen       total 64512K, used 38166K [0x00000000a0000000, 0x00000000a3f00000, 0x00000000e0000000)
  object space 64512K, 59% used [0x00000000a0000000,0x00000000a2545b90,0x00000000a3f00000)
 Metaspace       used 57774K, capacity 59410K, committed 59492K, reserved 1099776K
  class space    used 7814K, capacity 8240K, committed 8308K, reserved 1048576K
Event: 27.576 GC heap after
Heap after GC invocations=16 (full 3):
 PSYoungGen      total 167424K, used 0K [0x00000000e0000000, 0x00000000ef000000, 0x0000000100000000)
  eden space 147456K, 0% used [0x00000000e0000000,0x00000000e0000000,0x00000000e9000000)
  from space 19968K, 0% used [0x00000000e9000000,0x00000000e9000000,0x00000000ea380000)
  to   space 20480K, 0% used [0x00000000edc00000,0x00000000edc00000,0x00000000ef000000)
 ParOldGen       total 90112K, used 28247K [0x00000000a0000000, 0x00000000a5800000, 0x00000000e0000000)
  object space 90112K, 31% used [0x00000000a0000000,0x00000000a1b95eb0,0x00000000a5800000)
 Metaspace       used 57774K, capacity 59410K, committed 59492K, reserved 1099776K
  class space    used 7814K, capacity 8240K, committed 8308K, reserved 1048576K
}

