# JRE version: OpenJDK Runtime Environment (8.0_152-b01) (build 1.8.0_152-release-1343-b01)
# Java VM: OpenJDK 64-Bit Server VM (25.152-b01 mixed mode windows-amd64 compressed oops)
Heap:
 PSYoungGen      total 178176K, used 42938K [0x00000000e0000000, 0x00000000ebd80000, 0x0000000100000000)
  eden space 162304K, 16% used [0x00000000e0000000,0x00000000e1a76250,0x00000000e9e80000)
  from space 15872K, 99% used [0x00000000e9e80000,0x00000000eadf8840,0x00000000eae00000)
  to   space 14848K, 0% used [0x00000000eae80000,0x00000000eae80000,0x00000000ebd00000)
 ParOldGen       total 91136K, used 42540K [0x00000000a0000000, 0x00000000a5900000, 0x00000000e0000000)
  object space 91136K, 46% used [0x00000000a0000000,0x00000000a298b020,0x00000000a5900000)
 Metaspace       used 63278K, capacity 65172K, committed 65240K, reserved 1105920K
  class space    used 8509K, capacity 8959K, committed 8960K, reserved 1048576K
GC Heap History (10 events):
Event: 8.688 GC heap before
{Heap before GC invocations=12 (full 2):
 PSYoungGen      total 144896K, used 5525K [0x00000000e0000000, 0x00000000ec400000, 0x0000000100000000)
  eden space 132608K, 0% used [0x00000000e0000000,0x00000000e0000000,0x00000000e8180000)
  from space 12288K, 44% used [0x00000000e8d00000,0x00000000e9265668,0x00000000e9900000)
  to   space 11776K, 0% used [0x00000000e8180000,0x00000000e8180000,0x00000000e8d00000)
 ParOldGen       total 37888K, used 14925K [0x00000000a0000000, 0x00000000a2500000, 0x00000000e0000000)
  object space 37888K, 39% used [0x00000000a0000000,0x00000000a0e93460,0x00000000a2500000)
 Metaspace       used 34741K, capacity 35406K, committed 35456K, reserved 1079296K
  class space    used 4787K, capacity 4992K, committed 4992K, reserved 1048576K
Event: 8.917 GC heap after
Heap after GC invocations=12 (full 2):
 PSYoungGen      total 144896K, used 0K [0x00000000e0000000, 0x00000000ec400000, 0x0000000100000000)
  eden space 132608K, 0% used [0x00000000e0000000,0x00000000e0000000,0x00000000e8180000)
  from space 12288K, 0% used [0x00000000e8d00000,0x00000000e8d00000,0x00000000e9900000)
  to   space 11776K, 0% used [0x00000000e8180000,0x00000000e8180000,0x00000000e8d00000)
 ParOldGen       total 56320K, used 15598K [0x00000000a0000000, 0x00000000a3700000, 0x00000000e0000000)
  object space 56320K, 27% used [0x00000000a0000000,0x00000000a0f3ba58,0x00000000a3700000)
 Metaspace       used 34741K, capacity 35406K, committed 35456K, reserved 1079296K
  class space    used 4787K, capacity 4992K, committed 4992K, reserved 1048576K
}
Event: 15.405 GC heap before
{Heap before GC invocations=13 (full 2):
 PSYoungGen      total 144896K, used 132608K [0x00000000e0000000, 0x00000000ec400000, 0x0000000100000000)
  eden space 132608K, 100% used [0x00000000e0000000,0x00000000e8180000,0x00000000e8180000)
  from space 12288K, 0% used [0x00000000e8d00000,0x00000000e8d00000,0x00000000e9900000)
  to   space 11776K, 0% used [0x00000000e8180000,0x00000000e8180000,0x00000000e8d00000)
 ParOldGen       total 56320K, used 15598K [0x00000000a0000000, 0x00000000a3700000, 0x00000000e0000000)
  object space 56320K, 27% used [0x00000000a0000000,0x00000000a0f3ba58,0x00000000a3700000)
 Metaspace       used 46903K, capacity 47898K, committed 48128K, reserved 1091584K
  class space    used 6374K, capacity 6646K, committed 6656K, reserved 1048576K
Event: 15.443 GC heap after
Heap after GC invocations=13 (full 2):
 PSYoungGen      total 144384K, used 11756K [0x00000000e0000000, 0x00000000ebd00000, 0x0000000100000000)
  eden space 132608K, 0% used [0x00000000e0000000,0x00000000e0000000,0x00000000e8180000)
  from space 11776K, 99% used [0x00000000e8180000,0x00000000e8cfb258,0x00000000e8d00000)
  to   space 14848K, 0% used [0x00000000eae80000,0x00000000eae80000,0x00000000ebd00000)
 ParOldGen       total 56320K, used 20228K [0x00000000a0000000, 0x00000000a3700000, 0x00000000e0000000)
  object space 56320K, 35% used [0x00000000a0000000,0x00000000a13c1190,0x00000000a3700000)
 Metaspace       used 46903K, capacity 47898K, committed 48128K, reserved 1091584K
  class space    used 6374K, capacity 6646K, committed 6656K, reserved 1048576K
}
Event: 20.968 GC heap before
{Heap before GC invocations=14 (full 2):
 PSYoungGen      total 144384K, used 118507K [0x00000000e0000000, 0x00000000ebd00000, 0x0000000100000000)
  eden space 132608K, 80% used [0x00000000e0000000,0x00000000e683fa50,0x00000000e8180000)
  from space 11776K, 99% used [0x00000000e8180000,0x00000000e8cfb258,0x00000000e8d00000)
  to   space 14848K, 0% used [0x00000000eae80000,0x00000000eae80000,0x00000000ebd00000)
 ParOldGen       total 56320K, used 20228K [0x00000000a0000000, 0x00000000a3700000, 0x00000000e0000000)
  object space 56320K, 35% used [0x00000000a0000000,0x00000000a13c1190,0x00000000a3700000)
 Metaspace       used 57521K, capacity 58996K, committed 59096K, reserved 1099776K
  class space    used 7779K, capacity 8133K, committed 8192K, reserved 1048576K
Event: 21.046 GC heap after
Heap after GC invocations=14 (full 2):
 PSYoungGen      total 177152K, used 11739K [0x00000000e0000000, 0x00000000ebd80000, 0x0000000100000000)
  eden space 162304K, 0% used [0x00000000e0000000,0x00000000e0000000,0x00000000e9e80000)
  from space 14848K, 79% used [0x00000000eae80000,0x00000000eb9f6f30,0x00000000ebd00000)
  to   space 15872K, 0% used [0x00000000e9e80000,0x00000000e9e80000,0x00000000eae00000)
 ParOldGen       total 56320K, used 28060K [0x00000000a0000000, 0x00000000a3700000, 0x00000000e0000000)
  object space 56320K, 49% used [0x00000000a0000000,0x00000000a1b67248,0x00000000a3700000)
 Metaspace       used 57521K, capacity 58996K, committed 59096K, reserved 1099776K
  class space    used 7779K, capacity 8133K, committed 8192K, reserved 1048576K
}
Event: 21.046 GC heap before
{Heap before GC invocations=15 (full 3):
 PSYoungGen      total 177152K, used 11739K [0x00000000e0000000, 0x00000000ebd80000, 0x0000000100000000)
  eden space 162304K, 0% used [0x00000000e0000000,0x00000000e0000000,0x00000000e9e80000)
  from space 14848K, 79% used [0x00000000eae80000,0x00000000eb9f6f30,0x00000000ebd00000)
  to   space 15872K, 0% used [0x00000000e9e80000,0x00000000e9e80000,0x00000000eae00000)
 ParOldGen       total 56320K, used 28060K [0x00000000a0000000, 0x00000000a3700000, 0x00000000e0000000)
  object space 56320K, 49% used [0x00000000a0000000,0x00000000a1b67248,0x00000000a3700000)
 Metaspace       used 57521K, capacity 58996K, committed 59096K, reserved 1099776K
  class space    used 7779K, capacity 8133K, committed 8192K, reserved 1048576K
Event: 21.364 GC heap after
Heap after GC invocations=15 (full 3):
 PSYoungGen      total 177152K, used 0K [0x00000000e0000000, 0x00000000ebd80000, 0x0000000100000000)
  eden space 162304K, 0% used [0x00000000e0000000,0x00000000e0000000,0x00000000e9e80000)
  from space 14848K, 0% used [0x00000000eae80000,0x00000000eae80000,0x00000000ebd00000)
  to   space 15872K, 0% used [0x00000000e9e80000,0x00000000e9e80000,0x00000000eae00000)
 ParOldGen       total 91136K, used 33209K [0x00000000a0000000, 0x00000000a5900000, 0x00000000e0000000)
  object space 91136K, 36% used [0x00000000a0000000,0x00000000a206e5c0,0x00000000a5900000)
 Metaspace       used 57521K, capacity 58996K, committed 59096K, reserved 1099776K
  class space    used 7779K, capacity 8133K, committed 8192K, reserved 1048576K
}
Event: 30.841 GC heap before
{Heap before GC invocations=16 (full 3):
 PSYoungGen      total 177152K, used 161184K [0x00000000e0000000, 0x00000000ebd80000, 0x0000000100000000)
  eden space 162304K, 99% used [0x00000000e0000000,0x00000000e9d68328,0x00000000e9e80000)
  from space 14848K, 0% used [0x00000000eae80000,0x00000000eae80000,0x00000000ebd00000)
  to   space 15872K, 0% used [0x00000000e9e80000,0x00000000e9e80000,0x00000000eae00000)
 ParOldGen       total 91136K, used 33209K [0x00000000a0000000, 0x00000000a5900000, 0x00000000e0000000)
  object space 91136K, 36% used [0x00000000a0000000,0x00000000a206e5c0,0x00000000a5900000)
 Metaspace       used 62356K, capacity 64240K, committed 64344K, reserved 1105920K
  class space    used 8402K, capacity 8801K, committed 8832K, reserved 1048576K
Event: 30.876 GC heap after
Heap after GC invocations=16 (full 3):
 PSYoungGen      total 178176K, used 15842K [0x00000000e0000000, 0x00000000ebd80000, 0x0000000100000000)
  eden space 162304K, 0% used [0x00000000e0000000,0x00000000e0000000,0x00000000e9e80000)
  from space 15872K, 99% used [0x00000000e9e80000,0x00000000eadf8840,0x00000000eae00000)
  to   space 14848K, 0% used [0x00000000eae80000,0x00000000eae80000,0x00000000ebd00000)
 ParOldGen       total 91136K, used 42540K [0x00000000a0000000, 0x00000000a5900000, 0x00000000e0000000)
  object space 91136K, 46% used [0x00000000a0000000,0x00000000a298b020,0x00000000a5900000)
 Metaspace       used 62356K, capacity 64240K, committed 64344K, reserved 1105920K
  class space    used 8402K, capacity 8801K, committed 8832K, reserved 1048576K
}

