# JRE version: OpenJDK Runtime Environment (8.0_152-b01) (build 1.8.0_152-release-1343-b01)
# Java VM: OpenJDK 64-Bit Server VM (25.152-b01 mixed mode windows-amd64 compressed oops)
Heap:
 PSYoungGen      total 126464K, used 119142K [0x00000000e0000000, 0x00000000e9d80000, 0x0000000100000000)
  eden space 123392K, 96% used [0x00000000e0000000,0x00000000e7459960,0x00000000e7880000)
  from space 3072K, 0% used [0x00000000e8480000,0x00000000e8480000,0x00000000e8780000)
  to   space 12288K, 0% used [0x00000000e7880000,0x00000000e7880000,0x00000000e8480000)
 ParOldGen       total 63488K, used 15720K [0x00000000a0000000, 0x00000000a3e00000, 0x00000000e0000000)
  object space 63488K, 24% used [0x00000000a0000000,0x00000000a0f5a338,0x00000000a3e00000)
 Metaspace       used 45911K, capacity 46888K, committed 47232K, reserved 1089536K
  class space    used 6198K, capacity 6473K, committed 6528K, reserved 1048576K
GC Heap History (10 events):
Event: 8.117 GC heap before
{Heap before GC invocations=8 (full 1):
 PSYoungGen      total 71680K, used 7149K [0x00000000e0000000, 0x00000000e9000000, 0x0000000100000000)
  eden space 64512K, 0% used [0x00000000e0000000,0x00000000e0000000,0x00000000e3f00000)
  from space 7168K, 99% used [0x00000000e3f00000,0x00000000e45fb520,0x00000000e4600000)
  to   space 9216K, 0% used [0x00000000e8700000,0x00000000e8700000,0x00000000e9000000)
 ParOldGen       total 44032K, used 8389K [0x00000000a0000000, 0x00000000a2b00000, 0x00000000e0000000)
  object space 44032K, 19% used [0x00000000a0000000,0x00000000a0831530,0x00000000a2b00000)
 Metaspace       used 20681K, capacity 21134K, committed 21296K, reserved 1067008K
  class space    used 2907K, capacity 3119K, committed 3200K, reserved 1048576K
Event: 8.311 GC heap after
Heap after GC invocations=8 (full 1):
 PSYoungGen      total 71680K, used 0K [0x00000000e0000000, 0x00000000e9000000, 0x0000000100000000)
  eden space 64512K, 0% used [0x00000000e0000000,0x00000000e0000000,0x00000000e3f00000)
  from space 7168K, 0% used [0x00000000e3f00000,0x00000000e3f00000,0x00000000e4600000)
  to   space 9216K, 0% used [0x00000000e8700000,0x00000000e8700000,0x00000000e9000000)
 ParOldGen       total 40448K, used 10718K [0x00000000a0000000, 0x00000000a2780000, 0x00000000e0000000)
  object space 40448K, 26% used [0x00000000a0000000,0x00000000a0a77920,0x00000000a2780000)
 Metaspace       used 20681K, capacity 21134K, committed 21296K, reserved 1067008K
  class space    used 2907K, capacity 3119K, committed 3200K, reserved 1048576K
}
Event: 10.972 GC heap before
{Heap before GC invocations=9 (full 1):
 PSYoungGen      total 71680K, used 64512K [0x00000000e0000000, 0x00000000e9000000, 0x0000000100000000)
  eden space 64512K, 100% used [0x00000000e0000000,0x00000000e3f00000,0x00000000e3f00000)
  from space 7168K, 0% used [0x00000000e3f00000,0x00000000e3f00000,0x00000000e4600000)
  to   space 9216K, 0% used [0x00000000e8700000,0x00000000e8700000,0x00000000e9000000)
 ParOldGen       total 40448K, used 10718K [0x00000000a0000000, 0x00000000a2780000, 0x00000000e0000000)
  object space 40448K, 26% used [0x00000000a0000000,0x00000000a0a77920,0x00000000a2780000)
 Metaspace       used 28564K, capacity 29096K, committed 29440K, reserved 1075200K
  class space    used 3853K, capacity 4035K, committed 4096K, reserved 1048576K
Event: 11.002 GC heap after
Heap after GC invocations=9 (full 1):
 PSYoungGen      total 98816K, used 7587K [0x00000000e0000000, 0x00000000e8e80000, 0x0000000100000000)
  eden space 91136K, 0% used [0x00000000e0000000,0x00000000e0000000,0x00000000e5900000)
  from space 7680K, 98% used [0x00000000e8700000,0x00000000e8e68c10,0x00000000e8e80000)
  to   space 10240K, 0% used [0x00000000e7a80000,0x00000000e7a80000,0x00000000e8480000)
 ParOldGen       total 40448K, used 10726K [0x00000000a0000000, 0x00000000a2780000, 0x00000000e0000000)
  object space 40448K, 26% used [0x00000000a0000000,0x00000000a0a79920,0x00000000a2780000)
 Metaspace       used 28564K, capacity 29096K, committed 29440K, reserved 1075200K
  class space    used 3853K, capacity 4035K, committed 4096K, reserved 1048576K
}
Event: 13.039 GC heap before
{Heap before GC invocations=10 (full 1):
 PSYoungGen      total 98816K, used 98723K [0x00000000e0000000, 0x00000000e8e80000, 0x0000000100000000)
  eden space 91136K, 100% used [0x00000000e0000000,0x00000000e5900000,0x00000000e5900000)
  from space 7680K, 98% used [0x00000000e8700000,0x00000000e8e68c10,0x00000000e8e80000)
  to   space 10240K, 0% used [0x00000000e7a80000,0x00000000e7a80000,0x00000000e8480000)
 ParOldGen       total 40448K, used 10726K [0x00000000a0000000, 0x00000000a2780000, 0x00000000e0000000)
  object space 40448K, 26% used [0x00000000a0000000,0x00000000a0a79920,0x00000000a2780000)
 Metaspace       used 33304K, capacity 33960K, committed 34304K, reserved 1079296K
  class space    used 4591K, capacity 4806K, committed 4864K, reserved 1048576K
Event: 13.056 GC heap after
Heap after GC invocations=10 (full 1):
 PSYoungGen      total 122368K, used 10231K [0x00000000e0000000, 0x00000000e8780000, 0x0000000100000000)
  eden space 112128K, 0% used [0x00000000e0000000,0x00000000e0000000,0x00000000e6d80000)
  from space 10240K, 99% used [0x00000000e7a80000,0x00000000e847df48,0x00000000e8480000)
  to   space 3072K, 0% used [0x00000000e8480000,0x00000000e8480000,0x00000000e8780000)
 ParOldGen       total 40448K, used 10934K [0x00000000a0000000, 0x00000000a2780000, 0x00000000e0000000)
  object space 40448K, 27% used [0x00000000a0000000,0x00000000a0aad880,0x00000000a2780000)
 Metaspace       used 33304K, capacity 33960K, committed 34304K, reserved 1079296K
  class space    used 4591K, capacity 4806K, committed 4864K, reserved 1048576K
}
Event: 15.352 GC heap before
{Heap before GC invocations=11 (full 1):
 PSYoungGen      total 122368K, used 34518K [0x00000000e0000000, 0x00000000e8780000, 0x0000000100000000)
  eden space 112128K, 21% used [0x00000000e0000000,0x00000000e17b7b40,0x00000000e6d80000)
  from space 10240K, 99% used [0x00000000e7a80000,0x00000000e847df48,0x00000000e8480000)
  to   space 3072K, 0% used [0x00000000e8480000,0x00000000e8480000,0x00000000e8780000)
 ParOldGen       total 40448K, used 10934K [0x00000000a0000000, 0x00000000a2780000, 0x00000000e0000000)
  object space 40448K, 27% used [0x00000000a0000000,0x00000000a0aad880,0x00000000a2780000)
 Metaspace       used 34701K, capacity 35412K, committed 35456K, reserved 1079296K
  class space    used 4788K, capacity 4989K, committed 4992K, reserved 1048576K
Event: 15.376 GC heap after
Heap after GC invocations=11 (full 1):
 PSYoungGen      total 126464K, used 3072K [0x00000000e0000000, 0x00000000e9d80000, 0x0000000100000000)
  eden space 123392K, 0% used [0x00000000e0000000,0x00000000e0000000,0x00000000e7880000)
  from space 3072K, 100% used [0x00000000e8480000,0x00000000e8780000,0x00000000e8780000)
  to   space 12288K, 0% used [0x00000000e7880000,0x00000000e7880000,0x00000000e8480000)
 ParOldGen       total 40448K, used 16697K [0x00000000a0000000, 0x00000000a2780000, 0x00000000e0000000)
  object space 40448K, 41% used [0x00000000a0000000,0x00000000a104e420,0x00000000a2780000)
 Metaspace       used 34701K, capacity 35412K, committed 35456K, reserved 1079296K
  class space    used 4788K, capacity 4989K, committed 4992K, reserved 1048576K
}
Event: 15.376 GC heap before
{Heap before GC invocations=12 (full 2):
 PSYoungGen      total 126464K, used 3072K [0x00000000e0000000, 0x00000000e9d80000, 0x0000000100000000)
  eden space 123392K, 0% used [0x00000000e0000000,0x00000000e0000000,0x00000000e7880000)
  from space 3072K, 100% used [0x00000000e8480000,0x00000000e8780000,0x00000000e8780000)
  to   space 12288K, 0% used [0x00000000e7880000,0x00000000e7880000,0x00000000e8480000)
 ParOldGen       total 40448K, used 16697K [0x00000000a0000000, 0x00000000a2780000, 0x00000000e0000000)
  object space 40448K, 41% used [0x00000000a0000000,0x00000000a104e420,0x00000000a2780000)
 Metaspace       used 34701K, capacity 35412K, committed 35456K, reserved 1079296K
  class space    used 4788K, capacity 4989K, committed 4992K, reserved 1048576K
Event: 15.510 GC heap after
Heap after GC invocations=12 (full 2):
 PSYoungGen      total 126464K, used 0K [0x00000000e0000000, 0x00000000e9d80000, 0x0000000100000000)
  eden space 123392K, 0% used [0x00000000e0000000,0x00000000e0000000,0x00000000e7880000)
  from space 3072K, 0% used [0x00000000e8480000,0x00000000e8480000,0x00000000e8780000)
  to   space 12288K, 0% used [0x00000000e7880000,0x00000000e7880000,0x00000000e8480000)
 ParOldGen       total 63488K, used 15720K [0x00000000a0000000, 0x00000000a3e00000, 0x00000000e0000000)
  object space 63488K, 24% used [0x00000000a0000000,0x00000000a0f5a338,0x00000000a3e00000)
 Metaspace       used 34692K, capacity 35382K, committed 35456K, reserved 1079296K
  class space    used 4786K, capacity 4984K, committed 4992K, reserved 1048576K
}

