# JRE version: OpenJDK Runtime Environment (8.0_152-b01) (build 1.8.0_152-release-1343-b01)
# Java VM: OpenJDK 64-Bit Server VM (25.152-b01 mixed mode windows-amd64 compressed oops)
Heap:
 PSYoungGen      total 58880K, used 16241K [0x00000000e0000000, 0x00000000e5500000, 0x0000000100000000)
  eden space 52736K, 19% used [0x00000000e0000000,0x00000000e09dedb0,0x00000000e3380000)
  from space 6144K, 99% used [0x00000000e3380000,0x00000000e397d890,0x00000000e3980000)
  to   space 6656K, 0% used [0x00000000e4e80000,0x00000000e4e80000,0x00000000e5500000)
 ParOldGen       total 31744K, used 8547K [0x00000000a0000000, 0x00000000a1f00000, 0x00000000e0000000)
  object space 31744K, 26% used [0x00000000a0000000,0x00000000a0858c38,0x00000000a1f00000)
 Metaspace       used 28541K, capacity 29020K, committed 29184K, reserved 1075200K
  class space    used 3840K, capacity 4031K, committed 4096K, reserved 1048576K
GC Heap History (10 events):
Event: 14.463 GC heap before
{Heap before GC invocations=8 (full 0):
 PSYoungGen      total 21504K, used 20203K [0x00000000e0000000, 0x00000000e2a00000, 0x0000000100000000)
  eden space 16384K, 100% used [0x00000000e0000000,0x00000000e1000000,0x00000000e1000000)
  from space 5120K, 74% used [0x00000000e1000000,0x00000000e13baf38,0x00000000e1500000)
  to   space 5120K, 0% used [0x00000000e2500000,0x00000000e2500000,0x00000000e2a00000)
 ParOldGen       total 44032K, used 5423K [0x00000000a0000000, 0x00000000a2b00000, 0x00000000e0000000)
  object space 44032K, 12% used [0x00000000a0000000,0x00000000a054be28,0x00000000a2b00000)
 Metaspace       used 15865K, capacity 16192K, committed 16256K, reserved 1062912K
  class space    used 2262K, capacity 2424K, committed 2432K, reserved 1048576K
Event: 14.479 GC heap after
Heap after GC invocations=8 (full 0):
 PSYoungGen      total 37888K, used 3687K [0x00000000e0000000, 0x00000000e2a00000, 0x0000000100000000)
  eden space 32768K, 0% used [0x00000000e0000000,0x00000000e0000000,0x00000000e2000000)
  from space 5120K, 72% used [0x00000000e2500000,0x00000000e2899ed0,0x00000000e2a00000)
  to   space 5120K, 0% used [0x00000000e2000000,0x00000000e2000000,0x00000000e2500000)
 ParOldGen       total 44032K, used 6239K [0x00000000a0000000, 0x00000000a2b00000, 0x00000000e0000000)
  object space 44032K, 14% used [0x00000000a0000000,0x00000000a0617e48,0x00000000a2b00000)
 Metaspace       used 15865K, capacity 16192K, committed 16256K, reserved 1062912K
  class space    used 2262K, capacity 2424K, committed 2432K, reserved 1048576K
}
Event: 16.377 GC heap before
{Heap before GC invocations=9 (full 0):
 PSYoungGen      total 37888K, used 36455K [0x00000000e0000000, 0x00000000e2a00000, 0x0000000100000000)
  eden space 32768K, 100% used [0x00000000e0000000,0x00000000e2000000,0x00000000e2000000)
  from space 5120K, 72% used [0x00000000e2500000,0x00000000e2899ed0,0x00000000e2a00000)
  to   space 5120K, 0% used [0x00000000e2000000,0x00000000e2000000,0x00000000e2500000)
 ParOldGen       total 44032K, used 6239K [0x00000000a0000000, 0x00000000a2b00000, 0x00000000e0000000)
  object space 44032K, 14% used [0x00000000a0000000,0x00000000a0617e48,0x00000000a2b00000)
 Metaspace       used 19172K, capacity 19598K, committed 19840K, reserved 1067008K
  class space    used 2759K, capacity 2927K, committed 2944K, reserved 1048576K
Event: 16.398 GC heap after
Heap after GC invocations=9 (full 0):
 PSYoungGen      total 37888K, used 5098K [0x00000000e0000000, 0x00000000e3f80000, 0x0000000100000000)
  eden space 32768K, 0% used [0x00000000e0000000,0x00000000e0000000,0x00000000e2000000)
  from space 5120K, 99% used [0x00000000e2000000,0x00000000e24fabb0,0x00000000e2500000)
  to   space 6144K, 0% used [0x00000000e3980000,0x00000000e3980000,0x00000000e3f80000)
 ParOldGen       total 44032K, used 7196K [0x00000000a0000000, 0x00000000a2b00000, 0x00000000e0000000)
  object space 44032K, 16% used [0x00000000a0000000,0x00000000a0707120,0x00000000a2b00000)
 Metaspace       used 19172K, capacity 19598K, committed 19840K, reserved 1067008K
  class space    used 2759K, capacity 2927K, committed 2944K, reserved 1048576K
}
Event: 16.994 GC heap before
{Heap before GC invocations=10 (full 0):
 PSYoungGen      total 37888K, used 15316K [0x00000000e0000000, 0x00000000e3f80000, 0x0000000100000000)
  eden space 32768K, 31% used [0x00000000e0000000,0x00000000e09fa6a0,0x00000000e2000000)
  from space 5120K, 99% used [0x00000000e2000000,0x00000000e24fabb0,0x00000000e2500000)
  to   space 6144K, 0% used [0x00000000e3980000,0x00000000e3980000,0x00000000e3f80000)
 ParOldGen       total 44032K, used 7196K [0x00000000a0000000, 0x00000000a2b00000, 0x00000000e0000000)
  object space 44032K, 16% used [0x00000000a0000000,0x00000000a0707120,0x00000000a2b00000)
 Metaspace       used 20647K, capacity 21102K, committed 21296K, reserved 1067008K
  class space    used 2899K, capacity 3087K, committed 3200K, reserved 1048576K
Event: 17.018 GC heap after
Heap after GC invocations=10 (full 0):
 PSYoungGen      total 58880K, used 2954K [0x00000000e0000000, 0x00000000e3f80000, 0x0000000100000000)
  eden space 52736K, 0% used [0x00000000e0000000,0x00000000e0000000,0x00000000e3380000)
  from space 6144K, 48% used [0x00000000e3980000,0x00000000e3c62828,0x00000000e3f80000)
  to   space 6144K, 0% used [0x00000000e3380000,0x00000000e3380000,0x00000000e3980000)
 ParOldGen       total 44032K, used 8350K [0x00000000a0000000, 0x00000000a2b00000, 0x00000000e0000000)
  object space 44032K, 18% used [0x00000000a0000000,0x00000000a0827848,0x00000000a2b00000)
 Metaspace       used 20647K, capacity 21102K, committed 21296K, reserved 1067008K
  class space    used 2899K, capacity 3087K, committed 3200K, reserved 1048576K
}
Event: 17.019 GC heap before
{Heap before GC invocations=11 (full 1):
 PSYoungGen      total 58880K, used 2954K [0x00000000e0000000, 0x00000000e3f80000, 0x0000000100000000)
  eden space 52736K, 0% used [0x00000000e0000000,0x00000000e0000000,0x00000000e3380000)
  from space 6144K, 48% used [0x00000000e3980000,0x00000000e3c62828,0x00000000e3f80000)
  to   space 6144K, 0% used [0x00000000e3380000,0x00000000e3380000,0x00000000e3980000)
 ParOldGen       total 44032K, used 8350K [0x00000000a0000000, 0x00000000a2b00000, 0x00000000e0000000)
  object space 44032K, 18% used [0x00000000a0000000,0x00000000a0827848,0x00000000a2b00000)
 Metaspace       used 20647K, capacity 21102K, committed 21296K, reserved 1067008K
  class space    used 2899K, capacity 3087K, committed 3200K, reserved 1048576K
Event: 17.167 GC heap after
Heap after GC invocations=11 (full 1):
 PSYoungGen      total 58880K, used 0K [0x00000000e0000000, 0x00000000e3f80000, 0x0000000100000000)
  eden space 52736K, 0% used [0x00000000e0000000,0x00000000e0000000,0x00000000e3380000)
  from space 6144K, 0% used [0x00000000e3980000,0x00000000e3980000,0x00000000e3f80000)
  to   space 6144K, 0% used [0x00000000e3380000,0x00000000e3380000,0x00000000e3980000)
 ParOldGen       total 31744K, used 7910K [0x00000000a0000000, 0x00000000a1f00000, 0x00000000e0000000)
  object space 31744K, 24% used [0x00000000a0000000,0x00000000a07b9bc0,0x00000000a1f00000)
 Metaspace       used 20647K, capacity 21102K, committed 21296K, reserved 1067008K
  class space    used 2899K, capacity 3087K, committed 3200K, reserved 1048576K
}
Event: 20.217 GC heap before
{Heap before GC invocations=12 (full 1):
 PSYoungGen      total 58880K, used 52736K [0x00000000e0000000, 0x00000000e3f80000, 0x0000000100000000)
  eden space 52736K, 100% used [0x00000000e0000000,0x00000000e3380000,0x00000000e3380000)
  from space 6144K, 0% used [0x00000000e3980000,0x00000000e3980000,0x00000000e3f80000)
  to   space 6144K, 0% used [0x00000000e3380000,0x00000000e3380000,0x00000000e3980000)
 ParOldGen       total 31744K, used 7910K [0x00000000a0000000, 0x00000000a1f00000, 0x00000000e0000000)
  object space 31744K, 24% used [0x00000000a0000000,0x00000000a07b9bc0,0x00000000a1f00000)
 Metaspace       used 27452K, capacity 27936K, committed 28032K, reserved 1073152K
  class space    used 3740K, capacity 3929K, committed 3968K, reserved 1048576K
Event: 20.237 GC heap after
Heap after GC invocations=12 (full 1):
 PSYoungGen      total 58880K, used 6134K [0x00000000e0000000, 0x00000000e5500000, 0x0000000100000000)
  eden space 52736K, 0% used [0x00000000e0000000,0x00000000e0000000,0x00000000e3380000)
  from space 6144K, 99% used [0x00000000e3380000,0x00000000e397d890,0x00000000e3980000)
  to   space 6656K, 0% used [0x00000000e4e80000,0x00000000e4e80000,0x00000000e5500000)
 ParOldGen       total 31744K, used 8547K [0x00000000a0000000, 0x00000000a1f00000, 0x00000000e0000000)
  object space 31744K, 26% used [0x00000000a0000000,0x00000000a0858c38,0x00000000a1f00000)
 Metaspace       used 27452K, capacity 27936K, committed 28032K, reserved 1073152K
  class space    used 3740K, capacity 3929K, committed 3968K, reserved 1048576K
}

