# JRE version: OpenJDK Runtime Environment (8.0_152-b01) (build 1.8.0_152-release-1343-b01)
# Java VM: OpenJDK 64-Bit Server VM (25.152-b01 mixed mode windows-amd64 compressed oops)
Heap:
 PSYoungGen      total 71680K, used 47880K [0x00000000e0000000, 0x00000000e4e00000, 0x0000000100000000)
  eden space 65024K, 63% used [0x00000000e0000000,0x00000000e28465f8,0x00000000e3f80000)
  from space 6656K, 99% used [0x00000000e4680000,0x00000000e4cfbc68,0x00000000e4d00000)
  to   space 7168K, 0% used [0x00000000e3f80000,0x00000000e3f80000,0x00000000e4680000)
 ParOldGen       total 33792K, used 9069K [0x00000000a0000000, 0x00000000a2100000, 0x00000000e0000000)
  object space 33792K, 26% used [0x00000000a0000000,0x00000000a08db630,0x00000000a2100000)
 Metaspace       used 30692K, capacity 31216K, committed 31360K, reserved 1077248K
  class space    used 4200K, capacity 4394K, committed 4480K, reserved 1048576K
GC Heap History (10 events):
Event: 5.233 GC heap before
{Heap before GC invocations=7 (full 0):
 PSYoungGen      total 37888K, used 36955K [0x00000000e0000000, 0x00000000e2a00000, 0x0000000100000000)
  eden space 32768K, 100% used [0x00000000e0000000,0x00000000e2000000,0x00000000e2000000)
  from space 5120K, 81% used [0x00000000e2500000,0x00000000e2916fc8,0x00000000e2a00000)
  to   space 5120K, 0% used [0x00000000e2000000,0x00000000e2000000,0x00000000e2500000)
 ParOldGen       total 44032K, used 4424K [0x00000000a0000000, 0x00000000a2b00000, 0x00000000e0000000)
  object space 44032K, 10% used [0x00000000a0000000,0x00000000a0452128,0x00000000a2b00000)
 Metaspace       used 15766K, capacity 16140K, committed 16256K, reserved 1062912K
  class space    used 2253K, capacity 2424K, committed 2432K, reserved 1048576K
Event: 5.259 GC heap after
Heap after GC invocations=7 (full 0):
 PSYoungGen      total 37888K, used 5098K [0x00000000e0000000, 0x00000000e4d00000, 0x0000000100000000)
  eden space 32768K, 0% used [0x00000000e0000000,0x00000000e0000000,0x00000000e2000000)
  from space 5120K, 99% used [0x00000000e2000000,0x00000000e24faac0,0x00000000e2500000)
  to   space 6656K, 0% used [0x00000000e4680000,0x00000000e4680000,0x00000000e4d00000)
 ParOldGen       total 44032K, used 6143K [0x00000000a0000000, 0x00000000a2b00000, 0x00000000e0000000)
  object space 44032K, 13% used [0x00000000a0000000,0x00000000a05fffc8,0x00000000a2b00000)
 Metaspace       used 15766K, capacity 16140K, committed 16256K, reserved 1062912K
  class space    used 2253K, capacity 2424K, committed 2432K, reserved 1048576K
}
Event: 6.565 GC heap before
{Heap before GC invocations=8 (full 0):
 PSYoungGen      total 37888K, used 37866K [0x00000000e0000000, 0x00000000e4d00000, 0x0000000100000000)
  eden space 32768K, 100% used [0x00000000e0000000,0x00000000e2000000,0x00000000e2000000)
  from space 5120K, 99% used [0x00000000e2000000,0x00000000e24faac0,0x00000000e2500000)
  to   space 6656K, 0% used [0x00000000e4680000,0x00000000e4680000,0x00000000e4d00000)
 ParOldGen       total 44032K, used 6143K [0x00000000a0000000, 0x00000000a2b00000, 0x00000000e0000000)
  object space 44032K, 13% used [0x00000000a0000000,0x00000000a05fffc8,0x00000000a2b00000)
 Metaspace       used 19004K, capacity 19418K, committed 19584K, reserved 1067008K
  class space    used 2748K, capacity 2927K, committed 2944K, reserved 1048576K
Event: 6.581 GC heap after
Heap after GC invocations=8 (full 0):
 PSYoungGen      total 71680K, used 6040K [0x00000000e0000000, 0x00000000e4e00000, 0x0000000100000000)
  eden space 65024K, 0% used [0x00000000e0000000,0x00000000e0000000,0x00000000e3f80000)
  from space 6656K, 90% used [0x00000000e4680000,0x00000000e4c66360,0x00000000e4d00000)
  to   space 7168K, 0% used [0x00000000e3f80000,0x00000000e3f80000,0x00000000e4680000)
 ParOldGen       total 44032K, used 6951K [0x00000000a0000000, 0x00000000a2b00000, 0x00000000e0000000)
  object space 44032K, 15% used [0x00000000a0000000,0x00000000a06c9fe8,0x00000000a2b00000)
 Metaspace       used 19004K, capacity 19418K, committed 19584K, reserved 1067008K
  class space    used 2748K, capacity 2927K, committed 2944K, reserved 1048576K
}
Event: 6.896 GC heap before
{Heap before GC invocations=9 (full 0):
 PSYoungGen      total 71680K, used 16804K [0x00000000e0000000, 0x00000000e4e00000, 0x0000000100000000)
  eden space 65024K, 16% used [0x00000000e0000000,0x00000000e0a82ed0,0x00000000e3f80000)
  from space 6656K, 90% used [0x00000000e4680000,0x00000000e4c66360,0x00000000e4d00000)
  to   space 7168K, 0% used [0x00000000e3f80000,0x00000000e3f80000,0x00000000e4680000)
 ParOldGen       total 44032K, used 6951K [0x00000000a0000000, 0x00000000a2b00000, 0x00000000e0000000)
  object space 44032K, 15% used [0x00000000a0000000,0x00000000a06c9fe8,0x00000000a2b00000)
 Metaspace       used 20684K, capacity 21114K, committed 21296K, reserved 1067008K
  class space    used 2901K, capacity 3087K, committed 3200K, reserved 1048576K
Event: 6.914 GC heap after
Heap after GC invocations=9 (full 0):
 PSYoungGen      total 72192K, used 4250K [0x00000000e0000000, 0x00000000e4e00000, 0x0000000100000000)
  eden space 65024K, 0% used [0x00000000e0000000,0x00000000e0000000,0x00000000e3f80000)
  from space 7168K, 59% used [0x00000000e3f80000,0x00000000e43a69d0,0x00000000e4680000)
  to   space 6656K, 0% used [0x00000000e4680000,0x00000000e4680000,0x00000000e4d00000)
 ParOldGen       total 44032K, used 7868K [0x00000000a0000000, 0x00000000a2b00000, 0x00000000e0000000)
  object space 44032K, 17% used [0x00000000a0000000,0x00000000a07af050,0x00000000a2b00000)
 Metaspace       used 20684K, capacity 21114K, committed 21296K, reserved 1067008K
  class space    used 2901K, capacity 3087K, committed 3200K, reserved 1048576K
}
Event: 6.914 GC heap before
{Heap before GC invocations=10 (full 1):
 PSYoungGen      total 72192K, used 4250K [0x00000000e0000000, 0x00000000e4e00000, 0x0000000100000000)
  eden space 65024K, 0% used [0x00000000e0000000,0x00000000e0000000,0x00000000e3f80000)
  from space 7168K, 59% used [0x00000000e3f80000,0x00000000e43a69d0,0x00000000e4680000)
  to   space 6656K, 0% used [0x00000000e4680000,0x00000000e4680000,0x00000000e4d00000)
 ParOldGen       total 44032K, used 7868K [0x00000000a0000000, 0x00000000a2b00000, 0x00000000e0000000)
  object space 44032K, 17% used [0x00000000a0000000,0x00000000a07af050,0x00000000a2b00000)
 Metaspace       used 20684K, capacity 21114K, committed 21296K, reserved 1067008K
  class space    used 2901K, capacity 3087K, committed 3200K, reserved 1048576K
Event: 7.034 GC heap after
Heap after GC invocations=10 (full 1):
 PSYoungGen      total 72192K, used 0K [0x00000000e0000000, 0x00000000e4e00000, 0x0000000100000000)
  eden space 65024K, 0% used [0x00000000e0000000,0x00000000e0000000,0x00000000e3f80000)
  from space 7168K, 0% used [0x00000000e3f80000,0x00000000e3f80000,0x00000000e4680000)
  to   space 6656K, 0% used [0x00000000e4680000,0x00000000e4680000,0x00000000e4d00000)
 ParOldGen       total 33792K, used 8104K [0x00000000a0000000, 0x00000000a2100000, 0x00000000e0000000)
  object space 33792K, 23% used [0x00000000a0000000,0x00000000a07ea0b0,0x00000000a2100000)
 Metaspace       used 20684K, capacity 21114K, committed 21296K, reserved 1067008K
  class space    used 2901K, capacity 3087K, committed 3200K, reserved 1048576K
}
Event: 9.072 GC heap before
{Heap before GC invocations=11 (full 1):
 PSYoungGen      total 72192K, used 65024K [0x00000000e0000000, 0x00000000e4e00000, 0x0000000100000000)
  eden space 65024K, 100% used [0x00000000e0000000,0x00000000e3f80000,0x00000000e3f80000)
  from space 7168K, 0% used [0x00000000e3f80000,0x00000000e3f80000,0x00000000e4680000)
  to   space 6656K, 0% used [0x00000000e4680000,0x00000000e4680000,0x00000000e4d00000)
 ParOldGen       total 33792K, used 8104K [0x00000000a0000000, 0x00000000a2100000, 0x00000000e0000000)
  object space 33792K, 23% used [0x00000000a0000000,0x00000000a07ea0b0,0x00000000a2100000)
 Metaspace       used 28540K, capacity 29038K, committed 29184K, reserved 1075200K
  class space    used 3847K, capacity 4034K, committed 4096K, reserved 1048576K
Event: 9.115 GC heap after
Heap after GC invocations=11 (full 1):
 PSYoungGen      total 71680K, used 6639K [0x00000000e0000000, 0x00000000e4e00000, 0x0000000100000000)
  eden space 65024K, 0% used [0x00000000e0000000,0x00000000e0000000,0x00000000e3f80000)
  from space 6656K, 99% used [0x00000000e4680000,0x00000000e4cfbc68,0x00000000e4d00000)
  to   space 7168K, 0% used [0x00000000e3f80000,0x00000000e3f80000,0x00000000e4680000)
 ParOldGen       total 33792K, used 9069K [0x00000000a0000000, 0x00000000a2100000, 0x00000000e0000000)
  object space 33792K, 26% used [0x00000000a0000000,0x00000000a08db630,0x00000000a2100000)
 Metaspace       used 28540K, capacity 29038K, committed 29184K, reserved 1075200K
  class space    used 3847K, capacity 4034K, committed 4096K, reserved 1048576K
}

