# JRE version: OpenJDK Runtime Environment (8.0_152-b01) (build 1.8.0_152-release-1343-b01)
# Java VM: OpenJDK 64-Bit Server VM (25.152-b01 mixed mode windows-amd64 compressed oops)
Heap:
 PSYoungGen      total 139264K, used 34389K [0x00000000e0000000, 0x00000000ea680000, 0x0000000100000000)
  eden space 124416K, 15% used [0x00000000e0000000,0x00000000e131ac78,0x00000000e7980000)
  from space 14848K, 99% used [0x00000000e8b80000,0x00000000e99fab00,0x00000000e9a00000)
  to   space 18432K, 0% used [0x00000000e7980000,0x00000000e7980000,0x00000000e8b80000)
 ParOldGen       total 68608K, used 22678K [0x00000000a0000000, 0x00000000a4300000, 0x00000000e0000000)
  object space 68608K, 33% used [0x00000000a0000000,0x00000000a1625b70,0x00000000a4300000)
 Metaspace       used 57512K, capacity 58924K, committed 59096K, reserved 1099776K
  class space    used 7768K, capacity 8095K, committed 8192K, reserved 1048576K
GC Heap History (10 events):
Event: 10.012 GC heap before
{Heap before GC invocations=10 (full 1):
 PSYoungGen      total 89088K, used 88583K [0x00000000e0000000, 0x00000000e8f00000, 0x0000000100000000)
  eden space 80896K, 100% used [0x00000000e0000000,0x00000000e4f00000,0x00000000e4f00000)
  from space 8192K, 93% used [0x00000000e8700000,0x00000000e8e81c58,0x00000000e8f00000)
  to   space 10240K, 0% used [0x00000000e7b00000,0x00000000e7b00000,0x00000000e8500000)
 ParOldGen       total 42496K, used 10700K [0x00000000a0000000, 0x00000000a2980000, 0x00000000e0000000)
  object space 42496K, 25% used [0x00000000a0000000,0x00000000a0a73258,0x00000000a2980000)
 Metaspace       used 33015K, capacity 33632K, committed 34048K, reserved 1079296K
  class space    used 4543K, capacity 4766K, committed 4864K, reserved 1048576K
Event: 10.052 GC heap after
Heap after GC invocations=10 (full 1):
 PSYoungGen      total 103936K, used 9767K [0x00000000e0000000, 0x00000000e8780000, 0x0000000100000000)
  eden space 93696K, 0% used [0x00000000e0000000,0x00000000e0000000,0x00000000e5b80000)
  from space 10240K, 95% used [0x00000000e7b00000,0x00000000e8489eb0,0x00000000e8500000)
  to   space 2560K, 0% used [0x00000000e8500000,0x00000000e8500000,0x00000000e8780000)
 ParOldGen       total 42496K, used 10708K [0x00000000a0000000, 0x00000000a2980000, 0x00000000e0000000)
  object space 42496K, 25% used [0x00000000a0000000,0x00000000a0a75258,0x00000000a2980000)
 Metaspace       used 33015K, capacity 33632K, committed 34048K, reserved 1079296K
  class space    used 4543K, capacity 4766K, committed 4864K, reserved 1048576K
}
Event: 13.468 GC heap before
{Heap before GC invocations=11 (full 1):
 PSYoungGen      total 103936K, used 43664K [0x00000000e0000000, 0x00000000e8780000, 0x0000000100000000)
  eden space 93696K, 36% used [0x00000000e0000000,0x00000000e211a338,0x00000000e5b80000)
  from space 10240K, 95% used [0x00000000e7b00000,0x00000000e8489eb0,0x00000000e8500000)
  to   space 2560K, 0% used [0x00000000e8500000,0x00000000e8500000,0x00000000e8780000)
 ParOldGen       total 42496K, used 10708K [0x00000000a0000000, 0x00000000a2980000, 0x00000000e0000000)
  object space 42496K, 25% used [0x00000000a0000000,0x00000000a0a75258,0x00000000a2980000)
 Metaspace       used 34775K, capacity 35408K, committed 35456K, reserved 1079296K
  class space    used 4801K, capacity 4991K, committed 4992K, reserved 1048576K
Event: 13.516 GC heap after
Heap after GC invocations=11 (full 1):
 PSYoungGen      total 111104K, used 2560K [0x00000000e0000000, 0x00000000e8780000, 0x0000000100000000)
  eden space 108544K, 0% used [0x00000000e0000000,0x00000000e0000000,0x00000000e6a00000)
  from space 2560K, 100% used [0x00000000e8500000,0x00000000e8780000,0x00000000e8780000)
  to   space 12288K, 0% used [0x00000000e6f80000,0x00000000e6f80000,0x00000000e7b80000)
 ParOldGen       total 42496K, used 17309K [0x00000000a0000000, 0x00000000a2980000, 0x00000000e0000000)
  object space 42496K, 40% used [0x00000000a0000000,0x00000000a10e7488,0x00000000a2980000)
 Metaspace       used 34775K, capacity 35408K, committed 35456K, reserved 1079296K
  class space    used 4801K, capacity 4991K, committed 4992K, reserved 1048576K
}
Event: 13.516 GC heap before
{Heap before GC invocations=12 (full 2):
 PSYoungGen      total 111104K, used 2560K [0x00000000e0000000, 0x00000000e8780000, 0x0000000100000000)
  eden space 108544K, 0% used [0x00000000e0000000,0x00000000e0000000,0x00000000e6a00000)
  from space 2560K, 100% used [0x00000000e8500000,0x00000000e8780000,0x00000000e8780000)
  to   space 12288K, 0% used [0x00000000e6f80000,0x00000000e6f80000,0x00000000e7b80000)
 ParOldGen       total 42496K, used 17309K [0x00000000a0000000, 0x00000000a2980000, 0x00000000e0000000)
  object space 42496K, 40% used [0x00000000a0000000,0x00000000a10e7488,0x00000000a2980000)
 Metaspace       used 34775K, capacity 35408K, committed 35456K, reserved 1079296K
  class space    used 4801K, capacity 4991K, committed 4992K, reserved 1048576K
Event: 13.646 GC heap after
Heap after GC invocations=12 (full 2):
 PSYoungGen      total 111104K, used 0K [0x00000000e0000000, 0x00000000e8780000, 0x0000000100000000)
  eden space 108544K, 0% used [0x00000000e0000000,0x00000000e0000000,0x00000000e6a00000)
  from space 2560K, 0% used [0x00000000e8500000,0x00000000e8500000,0x00000000e8780000)
  to   space 12288K, 0% used [0x00000000e6f80000,0x00000000e6f80000,0x00000000e7b80000)
 ParOldGen       total 68608K, used 15987K [0x00000000a0000000, 0x00000000a4300000, 0x00000000e0000000)
  object space 68608K, 23% used [0x00000000a0000000,0x00000000a0f9cde8,0x00000000a4300000)
 Metaspace       used 34775K, capacity 35408K, committed 35456K, reserved 1079296K
  class space    used 4801K, capacity 4991K, committed 4992K, reserved 1048576K
}
Event: 19.224 GC heap before
{Heap before GC invocations=13 (full 2):
 PSYoungGen      total 111104K, used 108544K [0x00000000e0000000, 0x00000000e8780000, 0x0000000100000000)
  eden space 108544K, 100% used [0x00000000e0000000,0x00000000e6a00000,0x00000000e6a00000)
  from space 2560K, 0% used [0x00000000e8500000,0x00000000e8500000,0x00000000e8780000)
  to   space 12288K, 0% used [0x00000000e6f80000,0x00000000e6f80000,0x00000000e7b80000)
 ParOldGen       total 68608K, used 15987K [0x00000000a0000000, 0x00000000a4300000, 0x00000000e0000000)
  object space 68608K, 23% used [0x00000000a0000000,0x00000000a0f9cde8,0x00000000a4300000)
 Metaspace       used 44727K, capacity 45696K, committed 46080K, reserved 1089536K
  class space    used 6032K, capacity 6307K, committed 6400K, reserved 1048576K
Event: 19.247 GC heap after
Heap after GC invocations=13 (full 2):
 PSYoungGen      total 126464K, used 12265K [0x00000000e0000000, 0x00000000e9a00000, 0x0000000100000000)
  eden space 114176K, 0% used [0x00000000e0000000,0x00000000e0000000,0x00000000e6f80000)
  from space 12288K, 99% used [0x00000000e6f80000,0x00000000e7b7a620,0x00000000e7b80000)
  to   space 14848K, 0% used [0x00000000e8b80000,0x00000000e8b80000,0x00000000e9a00000)
 ParOldGen       total 68608K, used 17805K [0x00000000a0000000, 0x00000000a4300000, 0x00000000e0000000)
  object space 68608K, 25% used [0x00000000a0000000,0x00000000a1163778,0x00000000a4300000)
 Metaspace       used 44727K, capacity 45696K, committed 46080K, reserved 1089536K
  class space    used 6032K, capacity 6307K, committed 6400K, reserved 1048576K
}
Event: 27.539 GC heap before
{Heap before GC invocations=14 (full 2):
 PSYoungGen      total 126464K, used 126441K [0x00000000e0000000, 0x00000000e9a00000, 0x0000000100000000)
  eden space 114176K, 100% used [0x00000000e0000000,0x00000000e6f80000,0x00000000e6f80000)
  from space 12288K, 99% used [0x00000000e6f80000,0x00000000e7b7a620,0x00000000e7b80000)
  to   space 14848K, 0% used [0x00000000e8b80000,0x00000000e8b80000,0x00000000e9a00000)
 ParOldGen       total 68608K, used 17805K [0x00000000a0000000, 0x00000000a4300000, 0x00000000e0000000)
  object space 68608K, 25% used [0x00000000a0000000,0x00000000a1163778,0x00000000a4300000)
 Metaspace       used 56419K, capacity 57766K, committed 57984K, reserved 1099776K
  class space    used 7596K, capacity 7964K, committed 8064K, reserved 1048576K
Event: 27.618 GC heap after
Heap after GC invocations=14 (full 2):
 PSYoungGen      total 139264K, used 14826K [0x00000000e0000000, 0x00000000ea680000, 0x0000000100000000)
  eden space 124416K, 0% used [0x00000000e0000000,0x00000000e0000000,0x00000000e7980000)
  from space 14848K, 99% used [0x00000000e8b80000,0x00000000e99fab00,0x00000000e9a00000)
  to   space 18432K, 0% used [0x00000000e7980000,0x00000000e7980000,0x00000000e8b80000)
 ParOldGen       total 68608K, used 22678K [0x00000000a0000000, 0x00000000a4300000, 0x00000000e0000000)
  object space 68608K, 33% used [0x00000000a0000000,0x00000000a1625b70,0x00000000a4300000)
 Metaspace       used 56419K, capacity 57766K, committed 57984K, reserved 1099776K
  class space    used 7596K, capacity 7964K, committed 8064K, reserved 1048576K
}

