# JRE version: OpenJDK Runtime Environment (8.0_152-b01) (build 1.8.0_152-release-1343-b01)
# Java VM: OpenJDK 64-Bit Server VM (25.152-b01 mixed mode windows-amd64 compressed oops)
Heap:
 PSYoungGen      total 138240K, used 33831K [0x00000000e0000000, 0x00000000ea380000, 0x0000000100000000)
  eden space 125952K, 26% used [0x00000000e0000000,0x00000000e2109ea8,0x00000000e7b00000)
  from space 12288K, 0% used [0x00000000e9780000,0x00000000e9780000,0x00000000ea380000)
  to   space 10240K, 0% used [0x00000000e7b00000,0x00000000e7b00000,0x00000000e8500000)
 ParOldGen       total 52736K, used 15545K [0x00000000a0000000, 0x00000000a3380000, 0x00000000e0000000)
  object space 52736K, 29% used [0x00000000a0000000,0x00000000a0f2e7c0,0x00000000a3380000)
 Metaspace       used 39811K, capacity 40534K, committed 40872K, reserved 1085440K
  class space    used 5449K, capacity 5691K, committed 5800K, reserved 1048576K
GC Heap History (10 events):
Event: 4.336 GC heap before
{Heap before GC invocations=8 (full 1):
 PSYoungGen      total 71680K, used 7153K [0x00000000e0000000, 0x00000000e9100000, 0x0000000100000000)
  eden space 64512K, 0% used [0x00000000e0000000,0x00000000e0000000,0x00000000e3f00000)
  from space 7168K, 99% used [0x00000000e3f00000,0x00000000e45fc578,0x00000000e4600000)
  to   space 9728K, 0% used [0x00000000e8780000,0x00000000e8780000,0x00000000e9100000)
 ParOldGen       total 44032K, used 8294K [0x00000000a0000000, 0x00000000a2b00000, 0x00000000e0000000)
  object space 44032K, 18% used [0x00000000a0000000,0x00000000a08198c8,0x00000000a2b00000)
 Metaspace       used 20697K, capacity 21106K, committed 21296K, reserved 1067008K
  class space    used 2902K, capacity 3087K, committed 3200K, reserved 1048576K
Event: 4.388 GC heap after
Heap after GC invocations=8 (full 1):
 PSYoungGen      total 71680K, used 0K [0x00000000e0000000, 0x00000000e9100000, 0x0000000100000000)
  eden space 64512K, 0% used [0x00000000e0000000,0x00000000e0000000,0x00000000e3f00000)
  from space 7168K, 0% used [0x00000000e3f00000,0x00000000e3f00000,0x00000000e4600000)
  to   space 9728K, 0% used [0x00000000e8780000,0x00000000e8780000,0x00000000e9100000)
 ParOldGen       total 36864K, used 10703K [0x00000000a0000000, 0x00000000a2400000, 0x00000000e0000000)
  object space 36864K, 29% used [0x00000000a0000000,0x00000000a0a73e10,0x00000000a2400000)
 Metaspace       used 20697K, capacity 21106K, committed 21296K, reserved 1067008K
  class space    used 2902K, capacity 3087K, committed 3200K, reserved 1048576K
}
Event: 5.541 GC heap before
{Heap before GC invocations=9 (full 1):
 PSYoungGen      total 71680K, used 64512K [0x00000000e0000000, 0x00000000e9100000, 0x0000000100000000)
  eden space 64512K, 100% used [0x00000000e0000000,0x00000000e3f00000,0x00000000e3f00000)
  from space 7168K, 0% used [0x00000000e3f00000,0x00000000e3f00000,0x00000000e4600000)
  to   space 9728K, 0% used [0x00000000e8780000,0x00000000e8780000,0x00000000e9100000)
 ParOldGen       total 36864K, used 10703K [0x00000000a0000000, 0x00000000a2400000, 0x00000000e0000000)
  object space 36864K, 29% used [0x00000000a0000000,0x00000000a0a73e10,0x00000000a2400000)
 Metaspace       used 28576K, capacity 29030K, committed 29184K, reserved 1075200K
  class space    used 3851K, capacity 4034K, committed 4096K, reserved 1048576K
Event: 5.558 GC heap after
Heap after GC invocations=9 (full 1):
 PSYoungGen      total 112128K, used 7638K [0x00000000e0000000, 0x00000000e8f00000, 0x0000000100000000)
  eden space 104448K, 0% used [0x00000000e0000000,0x00000000e0000000,0x00000000e6600000)
  from space 7680K, 99% used [0x00000000e8780000,0x00000000e8ef5a98,0x00000000e8f00000)
  to   space 10240K, 0% used [0x00000000e7b00000,0x00000000e7b00000,0x00000000e8500000)
 ParOldGen       total 36864K, used 10711K [0x00000000a0000000, 0x00000000a2400000, 0x00000000e0000000)
  object space 36864K, 29% used [0x00000000a0000000,0x00000000a0a75e10,0x00000000a2400000)
 Metaspace       used 28576K, capacity 29030K, committed 29184K, reserved 1075200K
  class space    used 3851K, capacity 4034K, committed 4096K, reserved 1048576K
}
Event: 6.944 GC heap before
{Heap before GC invocations=10 (full 1):
 PSYoungGen      total 112128K, used 112086K [0x00000000e0000000, 0x00000000e8f00000, 0x0000000100000000)
  eden space 104448K, 100% used [0x00000000e0000000,0x00000000e6600000,0x00000000e6600000)
  from space 7680K, 99% used [0x00000000e8780000,0x00000000e8ef5a98,0x00000000e8f00000)
  to   space 10240K, 0% used [0x00000000e7b00000,0x00000000e7b00000,0x00000000e8500000)
 ParOldGen       total 36864K, used 10711K [0x00000000a0000000, 0x00000000a2400000, 0x00000000e0000000)
  object space 36864K, 29% used [0x00000000a0000000,0x00000000a0a75e10,0x00000000a2400000)
 Metaspace       used 33656K, capacity 34274K, committed 34560K, reserved 1079296K
  class space    used 4636K, capacity 4844K, committed 4864K, reserved 1048576K
Event: 6.969 GC heap after
Heap after GC invocations=10 (full 1):
 PSYoungGen      total 136192K, used 10232K [0x00000000e0000000, 0x00000000ea380000, 0x0000000100000000)
  eden space 125952K, 0% used [0x00000000e0000000,0x00000000e0000000,0x00000000e7b00000)
  from space 10240K, 99% used [0x00000000e7b00000,0x00000000e84fe1d0,0x00000000e8500000)
  to   space 12288K, 0% used [0x00000000e9780000,0x00000000e9780000,0x00000000ea380000)
 ParOldGen       total 36864K, used 12250K [0x00000000a0000000, 0x00000000a2400000, 0x00000000e0000000)
  object space 36864K, 33% used [0x00000000a0000000,0x00000000a0bf6a18,0x00000000a2400000)
 Metaspace       used 33656K, capacity 34274K, committed 34560K, reserved 1079296K
  class space    used 4636K, capacity 4844K, committed 4864K, reserved 1048576K
}
Event: 7.216 GC heap before
{Heap before GC invocations=11 (full 1):
 PSYoungGen      total 136192K, used 25963K [0x00000000e0000000, 0x00000000ea380000, 0x0000000100000000)
  eden space 125952K, 12% used [0x00000000e0000000,0x00000000e0f5cc50,0x00000000e7b00000)
  from space 10240K, 99% used [0x00000000e7b00000,0x00000000e84fe1d0,0x00000000e8500000)
  to   space 12288K, 0% used [0x00000000e9780000,0x00000000e9780000,0x00000000ea380000)
 ParOldGen       total 36864K, used 12250K [0x00000000a0000000, 0x00000000a2400000, 0x00000000e0000000)
  object space 36864K, 33% used [0x00000000a0000000,0x00000000a0bf6a18,0x00000000a2400000)
 Metaspace       used 34820K, capacity 35460K, committed 35496K, reserved 1079296K
  class space    used 4805K, capacity 5027K, committed 5032K, reserved 1048576K
Event: 7.229 GC heap after
Heap after GC invocations=11 (full 1):
 PSYoungGen      total 138240K, used 5437K [0x00000000e0000000, 0x00000000ea380000, 0x0000000100000000)
  eden space 125952K, 0% used [0x00000000e0000000,0x00000000e0000000,0x00000000e7b00000)
  from space 12288K, 44% used [0x00000000e9780000,0x00000000e9ccf758,0x00000000ea380000)
  to   space 10240K, 0% used [0x00000000e7b00000,0x00000000e7b00000,0x00000000e8500000)
 ParOldGen       total 36864K, used 15498K [0x00000000a0000000, 0x00000000a2400000, 0x00000000e0000000)
  object space 36864K, 42% used [0x00000000a0000000,0x00000000a0f22a48,0x00000000a2400000)
 Metaspace       used 34820K, capacity 35460K, committed 35496K, reserved 1079296K
  class space    used 4805K, capacity 5027K, committed 5032K, reserved 1048576K
}
Event: 7.229 GC heap before
{Heap before GC invocations=12 (full 2):
 PSYoungGen      total 138240K, used 5437K [0x00000000e0000000, 0x00000000ea380000, 0x0000000100000000)
  eden space 125952K, 0% used [0x00000000e0000000,0x00000000e0000000,0x00000000e7b00000)
  from space 12288K, 44% used [0x00000000e9780000,0x00000000e9ccf758,0x00000000ea380000)
  to   space 10240K, 0% used [0x00000000e7b00000,0x00000000e7b00000,0x00000000e8500000)
 ParOldGen       total 36864K, used 15498K [0x00000000a0000000, 0x00000000a2400000, 0x00000000e0000000)
  object space 36864K, 42% used [0x00000000a0000000,0x00000000a0f22a48,0x00000000a2400000)
 Metaspace       used 34820K, capacity 35460K, committed 35496K, reserved 1079296K
  class space    used 4805K, capacity 5027K, committed 5032K, reserved 1048576K
Event: 7.320 GC heap after
Heap after GC invocations=12 (full 2):
 PSYoungGen      total 138240K, used 0K [0x00000000e0000000, 0x00000000ea380000, 0x0000000100000000)
  eden space 125952K, 0% used [0x00000000e0000000,0x00000000e0000000,0x00000000e7b00000)
  from space 12288K, 0% used [0x00000000e9780000,0x00000000e9780000,0x00000000ea380000)
  to   space 10240K, 0% used [0x00000000e7b00000,0x00000000e7b00000,0x00000000e8500000)
 ParOldGen       total 52736K, used 15545K [0x00000000a0000000, 0x00000000a3380000, 0x00000000e0000000)
  object space 52736K, 29% used [0x00000000a0000000,0x00000000a0f2e7c0,0x00000000a3380000)
 Metaspace       used 34814K, capacity 35442K, committed 35496K, reserved 1079296K
  class space    used 4804K, capacity 5024K, committed 5032K, reserved 1048576K
}

